{
  "C:\\Users\\tinog\\Desktop\\coding\\Muscle-mommies\\server\\utils.js": {
    "path": "C:\\Users\\tinog\\Desktop\\coding\\Muscle-mommies\\server\\utils.js",
    "statementMap": {
      "0": {
        "start": { "line": 1, "column": 22 },
        "end": { "line": 4, "column": 1 }
      },
      "1": {
        "start": { "line": 2, "column": 21 },
        "end": { "line": 2, "column": 49 }
      },
      "2": {
        "start": { "line": 3, "column": 2 },
        "end": { "line": 3, "column": 32 }
      },
      "3": {
        "start": { "line": 6, "column": 21 },
        "end": { "line": 11, "column": 1 }
      },
      "4": {
        "start": { "line": 7, "column": 2 },
        "end": { "line": 9, "column": 3 }
      },
      "5": {
        "start": { "line": 8, "column": 4 },
        "end": { "line": 8, "column": 66 }
      },
      "6": {
        "start": { "line": 10, "column": 2 },
        "end": { "line": 10, "column": 36 }
      },
      "7": {
        "start": { "line": 13, "column": 23 },
        "end": { "line": 19, "column": 1 }
      },
      "8": {
        "start": { "line": 14, "column": 2 },
        "end": { "line": 18, "column": 4 }
      },
      "9": {
        "start": { "line": 21, "column": 0 },
        "end": { "line": 25, "column": 2 }
      }
    },
    "fnMap": {
      "0": {
        "name": "(anonymous_0)",
        "decl": {
          "start": { "line": 1, "column": 22 },
          "end": { "line": 1, "column": 23 }
        },
        "loc": {
          "start": { "line": 1, "column": 33 },
          "end": { "line": 4, "column": 1 }
        },
        "line": 1
      },
      "1": {
        "name": "(anonymous_1)",
        "decl": {
          "start": { "line": 6, "column": 21 },
          "end": { "line": 6, "column": 22 }
        },
        "loc": {
          "start": { "line": 6, "column": 41 },
          "end": { "line": 11, "column": 1 }
        },
        "line": 6
      },
      "2": {
        "name": "(anonymous_2)",
        "decl": {
          "start": { "line": 13, "column": 23 },
          "end": { "line": 13, "column": 24 }
        },
        "loc": {
          "start": { "line": 13, "column": 54 },
          "end": { "line": 19, "column": 1 }
        },
        "line": 13
      }
    },
    "branchMap": {
      "0": {
        "loc": {
          "start": { "line": 7, "column": 2 },
          "end": { "line": 9, "column": 3 }
        },
        "type": "if",
        "locations": [
          {
            "start": { "line": 7, "column": 2 },
            "end": { "line": 9, "column": 3 }
          },
          { "start": {}, "end": {} }
        ],
        "line": 7
      },
      "1": {
        "loc": {
          "start": { "line": 7, "column": 6 },
          "end": { "line": 7, "column": 32 }
        },
        "type": "binary-expr",
        "locations": [
          {
            "start": { "line": 7, "column": 6 },
            "end": { "line": 7, "column": 17 }
          },
          {
            "start": { "line": 7, "column": 21 },
            "end": { "line": 7, "column": 32 }
          }
        ],
        "line": 7
      },
      "2": {
        "loc": {
          "start": { "line": 13, "column": 30 },
          "end": { "line": 13, "column": 49 }
        },
        "type": "default-arg",
        "locations": [
          {
            "start": { "line": 13, "column": 40 },
            "end": { "line": 13, "column": 49 }
          }
        ],
        "line": 13
      }
    },
    "s": {
      "0": 1,
      "1": 2,
      "2": 2,
      "3": 1,
      "4": 2,
      "5": 1,
      "6": 1,
      "7": 1,
      "8": 2,
      "9": 1
    },
    "f": { "0": 2, "1": 2, "2": 2 },
    "b": { "0": [1, 1], "1": [2, 1], "2": [1] },
    "_coverageSchema": "1a1c01bbd47fc00a2c39e90264f33305004495a9",
    "hash": "569d655cca3547b51befda14e9fefa376a57591e"
  },
  "C:\\Users\\tinog\\Desktop\\coding\\Muscle-mommies\\server\\controllers\\authController.js": {
    "path": "C:\\Users\\tinog\\Desktop\\coding\\Muscle-mommies\\server\\controllers\\authController.js",
    "statementMap": {
      "0": {
        "start": { "line": 2, "column": 14 },
        "end": { "line": 2, "column": 43 }
      },
      "1": {
        "start": { "line": 3, "column": 13 },
        "end": { "line": 3, "column": 38 }
      },
      "2": {
        "start": { "line": 6, "column": 0 },
        "end": { "line": 36, "column": 2 }
      },
      "3": {
        "start": { "line": 7, "column": 2 },
        "end": { "line": 7, "column": 43 }
      },
      "4": {
        "start": { "line": 8, "column": 2 },
        "end": { "line": 35, "column": 3 }
      },
      "5": {
        "start": { "line": 9, "column": 44 },
        "end": { "line": 9, "column": 52 }
      },
      "6": {
        "start": { "line": 11, "column": 4 },
        "end": { "line": 13, "column": 5 }
      },
      "7": {
        "start": { "line": 12, "column": 6 },
        "end": { "line": 12, "column": 79 }
      },
      "8": {
        "start": { "line": 16, "column": 23 },
        "end": { "line": 20, "column": 6 }
      },
      "9": {
        "start": { "line": 22, "column": 4 },
        "end": { "line": 22, "column": 63 }
      },
      "10": {
        "start": { "line": 23, "column": 17 },
        "end": { "line": 23, "column": 60 }
      },
      "11": {
        "start": { "line": 24, "column": 4 },
        "end": { "line": 24, "column": 22 }
      },
      "12": {
        "start": { "line": 26, "column": 4 },
        "end": { "line": 31, "column": 7 }
      },
      "13": {
        "start": { "line": 33, "column": 4 },
        "end": { "line": 33, "column": 40 }
      },
      "14": {
        "start": { "line": 34, "column": 4 },
        "end": { "line": 34, "column": 67 }
      },
      "15": {
        "start": { "line": 39, "column": 0 },
        "end": { "line": 68, "column": 2 }
      },
      "16": {
        "start": { "line": 40, "column": 2 },
        "end": { "line": 67, "column": 3 }
      },
      "17": {
        "start": { "line": 41, "column": 30 },
        "end": { "line": 41, "column": 38 }
      },
      "18": {
        "start": { "line": 44, "column": 4 },
        "end": { "line": 46, "column": 5 }
      },
      "19": {
        "start": { "line": 45, "column": 6 },
        "end": { "line": 45, "column": 79 }
      },
      "20": {
        "start": { "line": 49, "column": 25 },
        "end": { "line": 49, "column": 66 }
      },
      "21": {
        "start": { "line": 50, "column": 33 },
        "end": { "line": 50, "column": 45 }
      },
      "22": {
        "start": { "line": 53, "column": 25 },
        "end": { "line": 53, "column": 49 }
      },
      "23": {
        "start": { "line": 54, "column": 4 },
        "end": { "line": 57, "column": 5 }
      },
      "24": {
        "start": { "line": 55, "column": 19 },
        "end": { "line": 55, "column": 63 }
      },
      "25": {
        "start": { "line": 56, "column": 6 },
        "end": { "line": 56, "column": 24 }
      },
      "26": {
        "start": { "line": 59, "column": 4 },
        "end": { "line": 64, "column": 7 }
      },
      "27": {
        "start": { "line": 66, "column": 4 },
        "end": { "line": 66, "column": 67 }
      },
      "28": {
        "start": { "line": 71, "column": 0 },
        "end": { "line": 86, "column": 2 }
      },
      "29": {
        "start": { "line": 72, "column": 18 },
        "end": { "line": 72, "column": 32 }
      },
      "30": {
        "start": { "line": 73, "column": 2 },
        "end": { "line": 75, "column": 3 }
      },
      "31": {
        "start": { "line": 74, "column": 4 },
        "end": { "line": 74, "column": 63 }
      },
      "32": {
        "start": { "line": 76, "column": 2 },
        "end": { "line": 85, "column": 3 }
      },
      "33": {
        "start": { "line": 77, "column": 21 },
        "end": { "line": 77, "column": 45 }
      },
      "34": {
        "start": { "line": 78, "column": 4 },
        "end": { "line": 80, "column": 5 }
      },
      "35": {
        "start": { "line": 79, "column": 6 },
        "end": { "line": 79, "column": 65 }
      },
      "36": {
        "start": { "line": 81, "column": 4 },
        "end": { "line": 81, "column": 38 }
      },
      "37": {
        "start": { "line": 83, "column": 4 },
        "end": { "line": 83, "column": 42 }
      },
      "38": {
        "start": { "line": 84, "column": 4 },
        "end": { "line": 84, "column": 54 }
      },
      "39": {
        "start": { "line": 88, "column": 0 },
        "end": { "line": 102, "column": 2 }
      },
      "40": {
        "start": { "line": 89, "column": 2 },
        "end": { "line": 101, "column": 3 }
      },
      "41": {
        "start": { "line": 90, "column": 4 },
        "end": { "line": 92, "column": 5 }
      },
      "42": {
        "start": { "line": 91, "column": 6 },
        "end": { "line": 91, "column": 37 }
      },
      "43": {
        "start": { "line": 93, "column": 21 },
        "end": { "line": 93, "column": 54 }
      },
      "44": {
        "start": { "line": 94, "column": 4 },
        "end": { "line": 96, "column": 5 }
      },
      "45": {
        "start": { "line": 95, "column": 6 },
        "end": { "line": 95, "column": 65 }
      },
      "46": {
        "start": { "line": 97, "column": 4 },
        "end": { "line": 97, "column": 38 }
      },
      "47": {
        "start": { "line": 99, "column": 4 },
        "end": { "line": 99, "column": 42 }
      },
      "48": {
        "start": { "line": 100, "column": 4 },
        "end": { "line": 100, "column": 54 }
      }
    },
    "fnMap": {
      "0": {
        "name": "(anonymous_0)",
        "decl": {
          "start": { "line": 6, "column": 17 },
          "end": { "line": 6, "column": 18 }
        },
        "loc": {
          "start": { "line": 6, "column": 37 },
          "end": { "line": 36, "column": 1 }
        },
        "line": 6
      },
      "1": {
        "name": "(anonymous_1)",
        "decl": {
          "start": { "line": 39, "column": 23 },
          "end": { "line": 39, "column": 24 }
        },
        "loc": {
          "start": { "line": 39, "column": 43 },
          "end": { "line": 68, "column": 1 }
        },
        "line": 39
      },
      "2": {
        "name": "(anonymous_2)",
        "decl": {
          "start": { "line": 71, "column": 18 },
          "end": { "line": 71, "column": 19 }
        },
        "loc": {
          "start": { "line": 71, "column": 38 },
          "end": { "line": 86, "column": 1 }
        },
        "line": 71
      },
      "3": {
        "name": "(anonymous_3)",
        "decl": {
          "start": { "line": 88, "column": 19 },
          "end": { "line": 88, "column": 20 }
        },
        "loc": {
          "start": { "line": 88, "column": 39 },
          "end": { "line": 102, "column": 1 }
        },
        "line": 88
      }
    },
    "branchMap": {
      "0": {
        "loc": {
          "start": { "line": 11, "column": 4 },
          "end": { "line": 13, "column": 5 }
        },
        "type": "if",
        "locations": [
          {
            "start": { "line": 11, "column": 4 },
            "end": { "line": 13, "column": 5 }
          },
          { "start": {}, "end": {} }
        ],
        "line": 11
      },
      "1": {
        "loc": {
          "start": { "line": 44, "column": 4 },
          "end": { "line": 46, "column": 5 }
        },
        "type": "if",
        "locations": [
          {
            "start": { "line": 44, "column": 4 },
            "end": { "line": 46, "column": 5 }
          },
          { "start": {}, "end": {} }
        ],
        "line": 44
      },
      "2": {
        "loc": {
          "start": { "line": 54, "column": 4 },
          "end": { "line": 57, "column": 5 }
        },
        "type": "if",
        "locations": [
          {
            "start": { "line": 54, "column": 4 },
            "end": { "line": 57, "column": 5 }
          },
          { "start": {}, "end": {} }
        ],
        "line": 54
      },
      "3": {
        "loc": {
          "start": { "line": 55, "column": 33 },
          "end": { "line": 55, "column": 43 }
        },
        "type": "binary-expr",
        "locations": [
          {
            "start": { "line": 55, "column": 33 },
            "end": { "line": 55, "column": 37 }
          },
          {
            "start": { "line": 55, "column": 41 },
            "end": { "line": 55, "column": 43 }
          }
        ],
        "line": 55
      },
      "4": {
        "loc": {
          "start": { "line": 55, "column": 45 },
          "end": { "line": 55, "column": 56 }
        },
        "type": "binary-expr",
        "locations": [
          {
            "start": { "line": 55, "column": 45 },
            "end": { "line": 55, "column": 50 }
          },
          {
            "start": { "line": 55, "column": 54 },
            "end": { "line": 55, "column": 56 }
          }
        ],
        "line": 55
      },
      "5": {
        "loc": {
          "start": { "line": 72, "column": 18 },
          "end": { "line": 72, "column": 32 }
        },
        "type": "binary-expr",
        "locations": [
          {
            "start": { "line": 72, "column": 18 },
            "end": { "line": 72, "column": 26 }
          },
          {
            "start": { "line": 72, "column": 30 },
            "end": { "line": 72, "column": 32 }
          }
        ],
        "line": 72
      },
      "6": {
        "loc": {
          "start": { "line": 73, "column": 2 },
          "end": { "line": 75, "column": 3 }
        },
        "type": "if",
        "locations": [
          {
            "start": { "line": 73, "column": 2 },
            "end": { "line": 75, "column": 3 }
          },
          { "start": {}, "end": {} }
        ],
        "line": 73
      },
      "7": {
        "loc": {
          "start": { "line": 78, "column": 4 },
          "end": { "line": 80, "column": 5 }
        },
        "type": "if",
        "locations": [
          {
            "start": { "line": 78, "column": 4 },
            "end": { "line": 80, "column": 5 }
          },
          { "start": {}, "end": {} }
        ],
        "line": 78
      },
      "8": {
        "loc": {
          "start": { "line": 90, "column": 4 },
          "end": { "line": 92, "column": 5 }
        },
        "type": "if",
        "locations": [
          {
            "start": { "line": 90, "column": 4 },
            "end": { "line": 92, "column": 5 }
          },
          { "start": {}, "end": {} }
        ],
        "line": 90
      },
      "9": {
        "loc": {
          "start": { "line": 90, "column": 8 },
          "end": { "line": 90, "column": 34 }
        },
        "type": "binary-expr",
        "locations": [
          {
            "start": { "line": 90, "column": 8 },
            "end": { "line": 90, "column": 17 }
          },
          {
            "start": { "line": 90, "column": 21 },
            "end": { "line": 90, "column": 34 }
          }
        ],
        "line": 90
      },
      "10": {
        "loc": {
          "start": { "line": 94, "column": 4 },
          "end": { "line": 96, "column": 5 }
        },
        "type": "if",
        "locations": [
          {
            "start": { "line": 94, "column": 4 },
            "end": { "line": 96, "column": 5 }
          },
          { "start": {}, "end": {} }
        ],
        "line": 94
      }
    },
    "s": {
      "0": 1,
      "1": 1,
      "2": 1,
      "3": 5,
      "4": 5,
      "5": 5,
      "6": 5,
      "7": 1,
      "8": 4,
      "9": 2,
      "10": 2,
      "11": 2,
      "12": 1,
      "13": 3,
      "14": 3,
      "15": 1,
      "16": 8,
      "17": 8,
      "18": 8,
      "19": 1,
      "20": 7,
      "21": 5,
      "22": 5,
      "23": 4,
      "24": 3,
      "25": 3,
      "26": 4,
      "27": 3,
      "28": 1,
      "29": 4,
      "30": 4,
      "31": 1,
      "32": 3,
      "33": 3,
      "34": 2,
      "35": 1,
      "36": 1,
      "37": 1,
      "38": 1,
      "39": 1,
      "40": 5,
      "41": 5,
      "42": 2,
      "43": 3,
      "44": 2,
      "45": 1,
      "46": 1,
      "47": 3,
      "48": 3
    },
    "f": { "0": 5, "1": 8, "2": 4, "3": 5 },
    "b": {
      "0": [1, 4],
      "1": [1, 7],
      "2": [3, 1],
      "3": [3, 1],
      "4": [3, 1],
      "5": [4, 0],
      "6": [1, 3],
      "7": [1, 1],
      "8": [2, 3],
      "9": [5, 4],
      "10": [1, 1]
    },
    "_coverageSchema": "1a1c01bbd47fc00a2c39e90264f33305004495a9",
    "hash": "a709ad41840ed1c3242595ae13945f40aa50d558"
  },
  "C:\\Users\\tinog\\Desktop\\coding\\Muscle-mommies\\server\\controllers\\externalController.js": {
    "path": "C:\\Users\\tinog\\Desktop\\coding\\Muscle-mommies\\server\\controllers\\externalController.js",
    "statementMap": {
      "0": {
        "start": { "line": 1, "column": 14 },
        "end": { "line": 1, "column": 43 }
      },
      "1": {
        "start": { "line": 3, "column": 29 },
        "end": { "line": 3, "column": 55 }
      },
      "2": {
        "start": { "line": 4, "column": 19 },
        "end": { "line": 4, "column": 43 }
      },
      "3": {
        "start": { "line": 5, "column": 11 },
        "end": { "line": 5, "column": 24 }
      },
      "4": {
        "start": { "line": 6, "column": 13 },
        "end": { "line": 6, "column": 28 }
      },
      "5": {
        "start": { "line": 9, "column": 19 },
        "end": { "line": 9, "column": 56 }
      },
      "6": {
        "start": { "line": 10, "column": 0 },
        "end": { "line": 12, "column": 1 }
      },
      "7": {
        "start": { "line": 11, "column": 2 },
        "end": { "line": 11, "column": 48 }
      },
      "8": {
        "start": { "line": 15, "column": 0 },
        "end": { "line": 19, "column": 3 }
      },
      "9": {
        "start": { "line": 22, "column": 23 },
        "end": { "line": 28, "column": 1 }
      },
      "10": {
        "start": { "line": 23, "column": 17 },
        "end": { "line": 23, "column": 41 }
      },
      "11": {
        "start": { "line": 24, "column": 2 },
        "end": { "line": 26, "column": 3 }
      },
      "12": {
        "start": { "line": 25, "column": 4 },
        "end": { "line": 25, "column": 73 }
      },
      "13": {
        "start": { "line": 27, "column": 2 },
        "end": { "line": 27, "column": 9 }
      },
      "14": {
        "start": { "line": 31, "column": 24 },
        "end": { "line": 45, "column": 1 }
      },
      "15": {
        "start": { "line": 32, "column": 2 },
        "end": { "line": 44, "column": 3 }
      },
      "16": {
        "start": { "line": 33, "column": 21 },
        "end": { "line": 33, "column": 79 }
      },
      "17": {
        "start": { "line": 34, "column": 19 },
        "end": { "line": 37, "column": 7 }
      },
      "18": {
        "start": { "line": 34, "column": 47 },
        "end": { "line": 37, "column": 5 }
      },
      "19": {
        "start": { "line": 38, "column": 4 },
        "end": { "line": 38, "column": 21 }
      },
      "20": {
        "start": { "line": 40, "column": 4 },
        "end": { "line": 40, "column": 58 }
      },
      "21": {
        "start": { "line": 41, "column": 4 },
        "end": { "line": 43, "column": 80 }
      },
      "22": {
        "start": { "line": 48, "column": 20 },
        "end": { "line": 88, "column": 1 }
      },
      "23": {
        "start": { "line": 49, "column": 2 },
        "end": { "line": 87, "column": 3 }
      },
      "24": {
        "start": { "line": 50, "column": 4 },
        "end": { "line": 52, "column": 5 }
      },
      "25": {
        "start": { "line": 51, "column": 6 },
        "end": { "line": 51, "column": 66 }
      },
      "26": {
        "start": { "line": 53, "column": 19 },
        "end": { "line": 55, "column": 6 }
      },
      "27": {
        "start": { "line": 56, "column": 4 },
        "end": { "line": 60, "column": 5 }
      },
      "28": {
        "start": { "line": 57, "column": 6 },
        "end": { "line": 57, "column": 35 }
      },
      "29": {
        "start": { "line": 59, "column": 6 },
        "end": { "line": 59, "column": 79 }
      },
      "30": {
        "start": { "line": 62, "column": 19 },
        "end": { "line": 62, "column": 35 }
      },
      "31": {
        "start": { "line": 63, "column": 20 },
        "end": { "line": 63, "column": 43 }
      },
      "32": {
        "start": { "line": 64, "column": 22 },
        "end": { "line": 69, "column": 5 }
      },
      "33": {
        "start": { "line": 70, "column": 4 },
        "end": { "line": 74, "column": 7 }
      },
      "34": {
        "start": { "line": 75, "column": 4 },
        "end": { "line": 79, "column": 22 }
      },
      "35": {
        "start": { "line": 80, "column": 4 },
        "end": { "line": 80, "column": 61 }
      },
      "36": {
        "start": { "line": 81, "column": 4 },
        "end": { "line": 81, "column": 55 }
      },
      "37": {
        "start": { "line": 83, "column": 4 },
        "end": { "line": 83, "column": 51 }
      },
      "38": {
        "start": { "line": 84, "column": 4 },
        "end": { "line": 86, "column": 73 }
      },
      "39": {
        "start": { "line": 92, "column": 18 },
        "end": { "line": 110, "column": 1 }
      },
      "40": {
        "start": { "line": 93, "column": 2 },
        "end": { "line": 109, "column": 3 }
      },
      "41": {
        "start": { "line": 94, "column": 21 },
        "end": { "line": 94, "column": 79 }
      },
      "42": {
        "start": { "line": 95, "column": 19 },
        "end": { "line": 101, "column": 6 }
      },
      "43": {
        "start": { "line": 96, "column": 6 },
        "end": { "line": 96, "column": 52 }
      },
      "44": {
        "start": { "line": 97, "column": 6 },
        "end": { "line": 100, "column": 8 }
      },
      "45": {
        "start": { "line": 102, "column": 4 },
        "end": { "line": 102, "column": 56 }
      },
      "46": {
        "start": { "line": 103, "column": 4 },
        "end": { "line": 103, "column": 21 }
      },
      "47": {
        "start": { "line": 105, "column": 4 },
        "end": { "line": 105, "column": 51 }
      },
      "48": {
        "start": { "line": 106, "column": 4 },
        "end": { "line": 108, "column": 73 }
      },
      "49": {
        "start": { "line": 112, "column": 0 },
        "end": { "line": 112, "column": 77 }
      }
    },
    "fnMap": {
      "0": {
        "name": "(anonymous_0)",
        "decl": {
          "start": { "line": 22, "column": 23 },
          "end": { "line": 22, "column": 24 }
        },
        "loc": {
          "start": { "line": 22, "column": 43 },
          "end": { "line": 28, "column": 1 }
        },
        "line": 22
      },
      "1": {
        "name": "(anonymous_1)",
        "decl": {
          "start": { "line": 31, "column": 24 },
          "end": { "line": 31, "column": 25 }
        },
        "loc": {
          "start": { "line": 31, "column": 44 },
          "end": { "line": 45, "column": 1 }
        },
        "line": 31
      },
      "2": {
        "name": "(anonymous_2)",
        "decl": {
          "start": { "line": 34, "column": 37 },
          "end": { "line": 34, "column": 38 }
        },
        "loc": {
          "start": { "line": 34, "column": 47 },
          "end": { "line": 37, "column": 5 }
        },
        "line": 34
      },
      "3": {
        "name": "(anonymous_3)",
        "decl": {
          "start": { "line": 48, "column": 20 },
          "end": { "line": 48, "column": 21 }
        },
        "loc": {
          "start": { "line": 48, "column": 40 },
          "end": { "line": 88, "column": 1 }
        },
        "line": 48
      },
      "4": {
        "name": "(anonymous_4)",
        "decl": {
          "start": { "line": 92, "column": 18 },
          "end": { "line": 92, "column": 19 }
        },
        "loc": {
          "start": { "line": 92, "column": 38 },
          "end": { "line": 110, "column": 1 }
        },
        "line": 92
      },
      "5": {
        "name": "(anonymous_5)",
        "decl": {
          "start": { "line": 95, "column": 37 },
          "end": { "line": 95, "column": 38 }
        },
        "loc": {
          "start": { "line": 95, "column": 46 },
          "end": { "line": 101, "column": 5 }
        },
        "line": 95
      }
    },
    "branchMap": {
      "0": {
        "loc": {
          "start": { "line": 10, "column": 0 },
          "end": { "line": 12, "column": 1 }
        },
        "type": "if",
        "locations": [
          {
            "start": { "line": 10, "column": 0 },
            "end": { "line": 12, "column": 1 }
          },
          { "start": {}, "end": {} }
        ],
        "line": 10
      },
      "1": {
        "loc": {
          "start": { "line": 24, "column": 2 },
          "end": { "line": 26, "column": 3 }
        },
        "type": "if",
        "locations": [
          {
            "start": { "line": 24, "column": 2 },
            "end": { "line": 26, "column": 3 }
          },
          { "start": {}, "end": {} }
        ],
        "line": 24
      },
      "2": {
        "loc": {
          "start": { "line": 24, "column": 6 },
          "end": { "line": 24, "column": 56 }
        },
        "type": "binary-expr",
        "locations": [
          {
            "start": { "line": 24, "column": 6 },
            "end": { "line": 24, "column": 13 }
          },
          {
            "start": { "line": 24, "column": 17 },
            "end": { "line": 24, "column": 56 }
          }
        ],
        "line": 24
      },
      "3": {
        "loc": {
          "start": { "line": 50, "column": 4 },
          "end": { "line": 52, "column": 5 }
        },
        "type": "if",
        "locations": [
          {
            "start": { "line": 50, "column": 4 },
            "end": { "line": 52, "column": 5 }
          },
          { "start": {}, "end": {} }
        ],
        "line": 50
      }
    },
    "s": {
      "0": 1,
      "1": 1,
      "2": 1,
      "3": 1,
      "4": 1,
      "5": 1,
      "6": 1,
      "7": 0,
      "8": 1,
      "9": 1,
      "10": 0,
      "11": 0,
      "12": 0,
      "13": 0,
      "14": 1,
      "15": 2,
      "16": 2,
      "17": 1,
      "18": 2,
      "19": 1,
      "20": 1,
      "21": 1,
      "22": 1,
      "23": 5,
      "24": 5,
      "25": 1,
      "26": 4,
      "27": 3,
      "28": 3,
      "29": 1,
      "30": 3,
      "31": 3,
      "32": 3,
      "33": 3,
      "34": 3,
      "35": 2,
      "36": 2,
      "37": 2,
      "38": 2,
      "39": 1,
      "40": 2,
      "41": 2,
      "42": 1,
      "43": 2,
      "44": 2,
      "45": 1,
      "46": 1,
      "47": 1,
      "48": 1,
      "49": 1
    },
    "f": { "0": 0, "1": 2, "2": 2, "3": 5, "4": 2, "5": 2 },
    "b": { "0": [0, 1], "1": [0, 0], "2": [0, 0], "3": [1, 4] },
    "_coverageSchema": "1a1c01bbd47fc00a2c39e90264f33305004495a9",
    "hash": "2802f67e0dfba8739a98debbea6d6db79d3841f7"
  },
  "C:\\Users\\tinog\\Desktop\\coding\\Muscle-mommies\\server\\controllers\\itemController.js": {
    "path": "C:\\Users\\tinog\\Desktop\\coding\\Muscle-mommies\\server\\controllers\\itemController.js",
    "statementMap": {
      "0": {
        "start": { "line": 1, "column": 14 },
        "end": { "line": 1, "column": 39 }
      },
      "1": {
        "start": { "line": 2, "column": 13 },
        "end": { "line": 2, "column": 28 }
      },
      "2": {
        "start": { "line": 3, "column": 19 },
        "end": { "line": 3, "column": 43 }
      },
      "3": {
        "start": { "line": 4, "column": 20 },
        "end": { "line": 4, "column": 42 }
      },
      "4": {
        "start": { "line": 5, "column": 13 },
        "end": { "line": 5, "column": 43 }
      },
      "5": {
        "start": { "line": 7, "column": 11 },
        "end": { "line": 7, "column": 28 }
      },
      "6": {
        "start": { "line": 8, "column": 17 },
        "end": { "line": 8, "column": 39 }
      },
      "7": {
        "start": { "line": 11, "column": 0 },
        "end": { "line": 15, "column": 3 }
      },
      "8": {
        "start": { "line": 18, "column": 27 },
        "end": { "line": 29, "column": 1 }
      },
      "9": {
        "start": { "line": 19, "column": 2 },
        "end": { "line": 28, "column": 5 }
      },
      "10": {
        "start": { "line": 20, "column": 19 },
        "end": { "line": 26, "column": 5 }
      },
      "11": {
        "start": { "line": 23, "column": 8 },
        "end": { "line": 24, "column": 29 }
      },
      "12": {
        "start": { "line": 23, "column": 19 },
        "end": { "line": 23, "column": 33 }
      },
      "13": {
        "start": { "line": 24, "column": 13 },
        "end": { "line": 24, "column": 29 }
      },
      "14": {
        "start": { "line": 27, "column": 4 },
        "end": { "line": 27, "column": 59 }
      },
      "15": {
        "start": { "line": 32, "column": 17 },
        "end": { "line": 58, "column": 1 }
      },
      "16": {
        "start": { "line": 33, "column": 2 },
        "end": { "line": 57, "column": 3 }
      },
      "17": {
        "start": { "line": 34, "column": 21 },
        "end": { "line": 34, "column": 41 }
      },
      "18": {
        "start": { "line": 35, "column": 18 },
        "end": { "line": 53, "column": 6 }
      },
      "19": {
        "start": { "line": 36, "column": 19 },
        "end": { "line": 36, "column": 29 }
      },
      "20": {
        "start": { "line": 37, "column": 6 },
        "end": { "line": 52, "column": 9 }
      },
      "21": {
        "start": { "line": 54, "column": 4 },
        "end": { "line": 54, "column": 20 }
      },
      "22": {
        "start": { "line": 56, "column": 4 },
        "end": { "line": 56, "column": 49 }
      },
      "23": {
        "start": { "line": 61, "column": 19 },
        "end": { "line": 115, "column": 1 }
      },
      "24": {
        "start": { "line": 62, "column": 2 },
        "end": { "line": 114, "column": 3 }
      },
      "25": {
        "start": { "line": 63, "column": 23 },
        "end": { "line": 63, "column": 33 }
      },
      "26": {
        "start": { "line": 64, "column": 19 },
        "end": { "line": 64, "column": 31 }
      },
      "27": {
        "start": { "line": 67, "column": 20 },
        "end": { "line": 67, "column": 52 }
      },
      "28": {
        "start": { "line": 68, "column": 4 },
        "end": { "line": 70, "column": 5 }
      },
      "29": {
        "start": { "line": 69, "column": 6 },
        "end": { "line": 69, "column": 63 }
      },
      "30": {
        "start": { "line": 72, "column": 21 },
        "end": { "line": 72, "column": 35 }
      },
      "31": {
        "start": { "line": 75, "column": 21 },
        "end": { "line": 75, "column": 75 }
      },
      "32": {
        "start": { "line": 76, "column": 26 },
        "end": { "line": 76, "column": 46 }
      },
      "33": {
        "start": { "line": 77, "column": 4 },
        "end": { "line": 79, "column": 5 }
      },
      "34": {
        "start": { "line": 78, "column": 6 },
        "end": { "line": 78, "column": 78 }
      },
      "35": {
        "start": { "line": 80, "column": 20 },
        "end": { "line": 80, "column": 44 }
      },
      "36": {
        "start": { "line": 81, "column": 4 },
        "end": { "line": 85, "column": 5 }
      },
      "37": {
        "start": { "line": 82, "column": 6 },
        "end": { "line": 84, "column": 67 }
      },
      "38": {
        "start": { "line": 88, "column": 22 },
        "end": { "line": 91, "column": 12 }
      },
      "39": {
        "start": { "line": 92, "column": 4 },
        "end": { "line": 103, "column": 5 }
      },
      "40": {
        "start": { "line": 93, "column": 24 },
        "end": { "line": 93, "column": 39 }
      },
      "41": {
        "start": { "line": 94, "column": 6 },
        "end": { "line": 102, "column": 7 }
      },
      "42": {
        "start": { "line": 96, "column": 25 },
        "end": { "line": 96, "column": 74 }
      },
      "43": {
        "start": { "line": 97, "column": 8 },
        "end": { "line": 97, "column": 72 }
      },
      "44": {
        "start": { "line": 98, "column": 8 },
        "end": { "line": 98, "column": 68 }
      },
      "45": {
        "start": { "line": 100, "column": 8 },
        "end": { "line": 100, "column": 65 }
      },
      "46": {
        "start": { "line": 106, "column": 4 },
        "end": { "line": 106, "column": 40 }
      },
      "47": {
        "start": { "line": 108, "column": 4 },
        "end": { "line": 108, "column": 67 }
      },
      "48": {
        "start": { "line": 110, "column": 4 },
        "end": { "line": 110, "column": 47 }
      },
      "49": {
        "start": { "line": 111, "column": 4 },
        "end": { "line": 113, "column": 70 }
      },
      "50": {
        "start": { "line": 118, "column": 24 },
        "end": { "line": 143, "column": 1 }
      },
      "51": {
        "start": { "line": 119, "column": 2 },
        "end": { "line": 142, "column": 3 }
      },
      "52": {
        "start": { "line": 120, "column": 20 },
        "end": { "line": 120, "column": 38 }
      },
      "53": {
        "start": { "line": 121, "column": 4 },
        "end": { "line": 121, "column": 58 }
      },
      "54": {
        "start": { "line": 122, "column": 21 },
        "end": { "line": 122, "column": 69 }
      },
      "55": {
        "start": { "line": 123, "column": 4 },
        "end": { "line": 126, "column": 5 }
      },
      "56": {
        "start": { "line": 124, "column": 6 },
        "end": { "line": 124, "column": 61 }
      },
      "57": {
        "start": { "line": 125, "column": 6 },
        "end": { "line": 125, "column": 64 }
      },
      "58": {
        "start": { "line": 127, "column": 21 },
        "end": { "line": 127, "column": 73 }
      },
      "59": {
        "start": { "line": 128, "column": 4 },
        "end": { "line": 128, "column": 69 }
      },
      "60": {
        "start": { "line": 129, "column": 18 },
        "end": { "line": 135, "column": 6 }
      },
      "61": {
        "start": { "line": 130, "column": 19 },
        "end": { "line": 130, "column": 29 }
      },
      "62": {
        "start": { "line": 131, "column": 6 },
        "end": { "line": 134, "column": 9 }
      },
      "63": {
        "start": { "line": 136, "column": 4 },
        "end": { "line": 136, "column": 20 }
      },
      "64": {
        "start": { "line": 138, "column": 4 },
        "end": { "line": 138, "column": 54 }
      },
      "65": {
        "start": { "line": 139, "column": 4 },
        "end": { "line": 141, "column": 76 }
      },
      "66": {
        "start": { "line": 146, "column": 20 },
        "end": { "line": 205, "column": 1 }
      },
      "67": {
        "start": { "line": 147, "column": 2 },
        "end": { "line": 204, "column": 3 }
      },
      "68": {
        "start": { "line": 156, "column": 8 },
        "end": { "line": 156, "column": 17 }
      },
      "69": {
        "start": { "line": 158, "column": 16 },
        "end": { "line": 158, "column": 24 }
      },
      "70": {
        "start": { "line": 161, "column": 4 },
        "end": { "line": 163, "column": 5 }
      },
      "71": {
        "start": { "line": 162, "column": 6 },
        "end": { "line": 162, "column": 54 }
      },
      "72": {
        "start": { "line": 164, "column": 4 },
        "end": { "line": 166, "column": 5 }
      },
      "73": {
        "start": { "line": 165, "column": 6 },
        "end": { "line": 165, "column": 48 }
      },
      "74": {
        "start": { "line": 167, "column": 4 },
        "end": { "line": 169, "column": 5 }
      },
      "75": {
        "start": { "line": 168, "column": 6 },
        "end": { "line": 168, "column": 58 }
      },
      "76": {
        "start": { "line": 170, "column": 4 },
        "end": { "line": 172, "column": 5 }
      },
      "77": {
        "start": { "line": 171, "column": 6 },
        "end": { "line": 171, "column": 50 }
      },
      "78": {
        "start": { "line": 174, "column": 21 },
        "end": { "line": 174, "column": 38 }
      },
      "79": {
        "start": { "line": 175, "column": 16 },
        "end": { "line": 181, "column": 6 }
      },
      "80": {
        "start": { "line": 176, "column": 19 },
        "end": { "line": 176, "column": 29 }
      },
      "81": {
        "start": { "line": 177, "column": 6 },
        "end": { "line": 180, "column": 9 }
      },
      "82": {
        "start": { "line": 184, "column": 4 },
        "end": { "line": 190, "column": 5 }
      },
      "83": {
        "start": { "line": 185, "column": 6 },
        "end": { "line": 189, "column": 8 }
      },
      "84": {
        "start": { "line": 187, "column": 10 },
        "end": { "line": 188, "column": 76 }
      },
      "85": {
        "start": { "line": 192, "column": 4 },
        "end": { "line": 199, "column": 5 }
      },
      "86": {
        "start": { "line": 193, "column": 6 },
        "end": { "line": 198, "column": 9 }
      },
      "87": {
        "start": { "line": 194, "column": 22 },
        "end": { "line": 194, "column": 32 }
      },
      "88": {
        "start": { "line": 195, "column": 8 },
        "end": { "line": 195, "column": 67 }
      },
      "89": {
        "start": { "line": 195, "column": 54 },
        "end": { "line": 195, "column": 67 }
      },
      "90": {
        "start": { "line": 196, "column": 8 },
        "end": { "line": 196, "column": 67 }
      },
      "91": {
        "start": { "line": 196, "column": 54 },
        "end": { "line": 196, "column": 67 }
      },
      "92": {
        "start": { "line": 197, "column": 8 },
        "end": { "line": 197, "column": 20 }
      },
      "93": {
        "start": { "line": 201, "column": 4 },
        "end": { "line": 201, "column": 20 }
      },
      "94": {
        "start": { "line": 203, "column": 4 },
        "end": { "line": 203, "column": 49 }
      },
      "95": {
        "start": { "line": 208, "column": 19 },
        "end": { "line": 314, "column": 1 }
      },
      "96": {
        "start": { "line": 209, "column": 2 },
        "end": { "line": 313, "column": 3 }
      },
      "97": {
        "start": { "line": 210, "column": 19 },
        "end": { "line": 210, "column": 31 }
      },
      "98": {
        "start": { "line": 221, "column": 8 },
        "end": { "line": 221, "column": 16 }
      },
      "99": {
        "start": { "line": 222, "column": 19 },
        "end": { "line": 222, "column": 34 }
      },
      "100": {
        "start": { "line": 224, "column": 4 },
        "end": { "line": 224, "column": 43 }
      },
      "101": {
        "start": { "line": 227, "column": 4 },
        "end": { "line": 231, "column": 5 }
      },
      "102": {
        "start": { "line": 228, "column": 6 },
        "end": { "line": 230, "column": 75 }
      },
      "103": {
        "start": { "line": 234, "column": 21 },
        "end": { "line": 234, "column": 75 }
      },
      "104": {
        "start": { "line": 235, "column": 26 },
        "end": { "line": 235, "column": 46 }
      },
      "105": {
        "start": { "line": 236, "column": 4 },
        "end": { "line": 238, "column": 5 }
      },
      "106": {
        "start": { "line": 237, "column": 6 },
        "end": { "line": 237, "column": 64 }
      },
      "107": {
        "start": { "line": 239, "column": 20 },
        "end": { "line": 239, "column": 44 }
      },
      "108": {
        "start": { "line": 242, "column": 24 },
        "end": { "line": 242, "column": 41 }
      },
      "109": {
        "start": { "line": 243, "column": 27 },
        "end": { "line": 243, "column": 45 }
      },
      "110": {
        "start": { "line": 244, "column": 4 },
        "end": { "line": 248, "column": 5 }
      },
      "111": {
        "start": { "line": 245, "column": 6 },
        "end": { "line": 247, "column": 69 }
      },
      "112": {
        "start": { "line": 251, "column": 22 },
        "end": { "line": 251, "column": 24 }
      },
      "113": {
        "start": { "line": 252, "column": 4 },
        "end": { "line": 277, "column": 5 }
      },
      "114": {
        "start": { "line": 253, "column": 6 },
        "end": { "line": 276, "column": 7 }
      },
      "115": {
        "start": { "line": 254, "column": 23 },
        "end": { "line": 254, "column": 53 }
      },
      "116": {
        "start": { "line": 255, "column": 24 },
        "end": { "line": 255, "column": 33 }
      },
      "117": {
        "start": { "line": 256, "column": 8 },
        "end": { "line": 264, "column": 13 }
      },
      "118": {
        "start": { "line": 265, "column": 8 },
        "end": { "line": 269, "column": 11 }
      },
      "119": {
        "start": { "line": 271, "column": 8 },
        "end": { "line": 271, "column": 63 }
      },
      "120": {
        "start": { "line": 272, "column": 8 },
        "end": { "line": 275, "column": 11 }
      },
      "121": {
        "start": { "line": 280, "column": 21 },
        "end": { "line": 295, "column": 5 }
      },
      "122": {
        "start": { "line": 298, "column": 4 },
        "end": { "line": 298, "column": 54 }
      },
      "123": {
        "start": { "line": 301, "column": 4 },
        "end": { "line": 305, "column": 5 }
      },
      "124": {
        "start": { "line": 302, "column": 6 },
        "end": { "line": 304, "column": 9 }
      },
      "125": {
        "start": { "line": 307, "column": 4 },
        "end": { "line": 307, "column": 67 }
      },
      "126": {
        "start": { "line": 309, "column": 4 },
        "end": { "line": 309, "column": 47 }
      },
      "127": {
        "start": { "line": 310, "column": 4 },
        "end": { "line": 312, "column": 70 }
      },
      "128": {
        "start": { "line": 316, "column": 0 },
        "end": { "line": 322, "column": 2 }
      }
    },
    "fnMap": {
      "0": {
        "name": "(anonymous_0)",
        "decl": {
          "start": { "line": 18, "column": 27 },
          "end": { "line": 18, "column": 28 }
        },
        "loc": {
          "start": { "line": 18, "column": 37 },
          "end": { "line": 29, "column": 1 }
        },
        "line": 18
      },
      "1": {
        "name": "(anonymous_1)",
        "decl": {
          "start": { "line": 19, "column": 21 },
          "end": { "line": 19, "column": 22 }
        },
        "loc": {
          "start": { "line": 19, "column": 42 },
          "end": { "line": 28, "column": 3 }
        },
        "line": 19
      },
      "2": {
        "name": "(anonymous_2)",
        "decl": {
          "start": { "line": 22, "column": 6 },
          "end": { "line": 22, "column": 7 }
        },
        "loc": {
          "start": { "line": 22, "column": 25 },
          "end": { "line": 25, "column": 7 }
        },
        "line": 22
      },
      "3": {
        "name": "(anonymous_3)",
        "decl": {
          "start": { "line": 32, "column": 17 },
          "end": { "line": 32, "column": 18 }
        },
        "loc": {
          "start": { "line": 32, "column": 37 },
          "end": { "line": 58, "column": 1 }
        },
        "line": 32
      },
      "4": {
        "name": "(anonymous_4)",
        "decl": {
          "start": { "line": 35, "column": 36 },
          "end": { "line": 35, "column": 37 }
        },
        "loc": {
          "start": { "line": 35, "column": 45 },
          "end": { "line": 53, "column": 5 }
        },
        "line": 35
      },
      "5": {
        "name": "(anonymous_5)",
        "decl": {
          "start": { "line": 61, "column": 19 },
          "end": { "line": 61, "column": 20 }
        },
        "loc": {
          "start": { "line": 61, "column": 39 },
          "end": { "line": 115, "column": 1 }
        },
        "line": 61
      },
      "6": {
        "name": "(anonymous_6)",
        "decl": {
          "start": { "line": 118, "column": 24 },
          "end": { "line": 118, "column": 25 }
        },
        "loc": {
          "start": { "line": 118, "column": 44 },
          "end": { "line": 143, "column": 1 }
        },
        "line": 118
      },
      "7": {
        "name": "(anonymous_7)",
        "decl": {
          "start": { "line": 129, "column": 36 },
          "end": { "line": 129, "column": 37 }
        },
        "loc": {
          "start": { "line": 129, "column": 45 },
          "end": { "line": 135, "column": 5 }
        },
        "line": 129
      },
      "8": {
        "name": "(anonymous_8)",
        "decl": {
          "start": { "line": 146, "column": 20 },
          "end": { "line": 146, "column": 21 }
        },
        "loc": {
          "start": { "line": 146, "column": 40 },
          "end": { "line": 205, "column": 1 }
        },
        "line": 146
      },
      "9": {
        "name": "(anonymous_9)",
        "decl": {
          "start": { "line": 175, "column": 34 },
          "end": { "line": 175, "column": 35 }
        },
        "loc": {
          "start": { "line": 175, "column": 43 },
          "end": { "line": 181, "column": 5 }
        },
        "line": 175
      },
      "10": {
        "name": "(anonymous_10)",
        "decl": {
          "start": { "line": 186, "column": 8 },
          "end": { "line": 186, "column": 9 }
        },
        "loc": {
          "start": { "line": 187, "column": 10 },
          "end": { "line": 188, "column": 76 }
        },
        "line": 187
      },
      "11": {
        "name": "(anonymous_11)",
        "decl": {
          "start": { "line": 193, "column": 27 },
          "end": { "line": 193, "column": 28 }
        },
        "loc": {
          "start": { "line": 193, "column": 37 },
          "end": { "line": 198, "column": 7 }
        },
        "line": 193
      },
      "12": {
        "name": "(anonymous_12)",
        "decl": {
          "start": { "line": 208, "column": 19 },
          "end": { "line": 208, "column": 20 }
        },
        "loc": {
          "start": { "line": 208, "column": 39 },
          "end": { "line": 314, "column": 1 }
        },
        "line": 208
      }
    },
    "branchMap": {
      "0": {
        "loc": {
          "start": { "line": 23, "column": 8 },
          "end": { "line": 24, "column": 29 }
        },
        "type": "if",
        "locations": [
          {
            "start": { "line": 23, "column": 8 },
            "end": { "line": 24, "column": 29 }
          },
          {
            "start": { "line": 24, "column": 13 },
            "end": { "line": 24, "column": 29 }
          }
        ],
        "line": 23
      },
      "1": {
        "loc": {
          "start": { "line": 38, "column": 16 },
          "end": { "line": 38, "column": 37 }
        },
        "type": "binary-expr",
        "locations": [
          {
            "start": { "line": 38, "column": 16 },
            "end": { "line": 38, "column": 27 }
          },
          {
            "start": { "line": 38, "column": 31 },
            "end": { "line": 38, "column": 37 }
          }
        ],
        "line": 38
      },
      "2": {
        "loc": {
          "start": { "line": 68, "column": 4 },
          "end": { "line": 70, "column": 5 }
        },
        "type": "if",
        "locations": [
          {
            "start": { "line": 68, "column": 4 },
            "end": { "line": 70, "column": 5 }
          },
          { "start": {}, "end": {} }
        ],
        "line": 68
      },
      "3": {
        "loc": {
          "start": { "line": 77, "column": 4 },
          "end": { "line": 79, "column": 5 }
        },
        "type": "if",
        "locations": [
          {
            "start": { "line": 77, "column": 4 },
            "end": { "line": 79, "column": 5 }
          },
          { "start": {}, "end": {} }
        ],
        "line": 77
      },
      "4": {
        "loc": {
          "start": { "line": 81, "column": 4 },
          "end": { "line": 85, "column": 5 }
        },
        "type": "if",
        "locations": [
          {
            "start": { "line": 81, "column": 4 },
            "end": { "line": 85, "column": 5 }
          },
          { "start": {}, "end": {} }
        ],
        "line": 81
      },
      "5": {
        "loc": {
          "start": { "line": 123, "column": 4 },
          "end": { "line": 126, "column": 5 }
        },
        "type": "if",
        "locations": [
          {
            "start": { "line": 123, "column": 4 },
            "end": { "line": 126, "column": 5 }
          },
          { "start": {}, "end": {} }
        ],
        "line": 123
      },
      "6": {
        "loc": {
          "start": { "line": 132, "column": 16 },
          "end": { "line": 132, "column": 37 }
        },
        "type": "binary-expr",
        "locations": [
          {
            "start": { "line": 132, "column": 16 },
            "end": { "line": 132, "column": 27 }
          },
          {
            "start": { "line": 132, "column": 31 },
            "end": { "line": 132, "column": 37 }
          }
        ],
        "line": 132
      },
      "7": {
        "loc": {
          "start": { "line": 155, "column": 6 },
          "end": { "line": 155, "column": 26 }
        },
        "type": "default-arg",
        "locations": [
          {
            "start": { "line": 155, "column": 15 },
            "end": { "line": 155, "column": 26 }
          }
        ],
        "line": 155
      },
      "8": {
        "loc": {
          "start": { "line": 161, "column": 4 },
          "end": { "line": 163, "column": 5 }
        },
        "type": "if",
        "locations": [
          {
            "start": { "line": 161, "column": 4 },
            "end": { "line": 163, "column": 5 }
          },
          { "start": {}, "end": {} }
        ],
        "line": 161
      },
      "9": {
        "loc": {
          "start": { "line": 164, "column": 4 },
          "end": { "line": 166, "column": 5 }
        },
        "type": "if",
        "locations": [
          {
            "start": { "line": 164, "column": 4 },
            "end": { "line": 166, "column": 5 }
          },
          { "start": {}, "end": {} }
        ],
        "line": 164
      },
      "10": {
        "loc": {
          "start": { "line": 167, "column": 4 },
          "end": { "line": 169, "column": 5 }
        },
        "type": "if",
        "locations": [
          {
            "start": { "line": 167, "column": 4 },
            "end": { "line": 169, "column": 5 }
          },
          { "start": {}, "end": {} }
        ],
        "line": 167
      },
      "11": {
        "loc": {
          "start": { "line": 170, "column": 4 },
          "end": { "line": 172, "column": 5 }
        },
        "type": "if",
        "locations": [
          {
            "start": { "line": 170, "column": 4 },
            "end": { "line": 172, "column": 5 }
          },
          { "start": {}, "end": {} }
        ],
        "line": 170
      },
      "12": {
        "loc": {
          "start": { "line": 178, "column": 16 },
          "end": { "line": 178, "column": 37 }
        },
        "type": "binary-expr",
        "locations": [
          {
            "start": { "line": 178, "column": 16 },
            "end": { "line": 178, "column": 27 }
          },
          {
            "start": { "line": 178, "column": 31 },
            "end": { "line": 178, "column": 37 }
          }
        ],
        "line": 178
      },
      "13": {
        "loc": {
          "start": { "line": 184, "column": 4 },
          "end": { "line": 190, "column": 5 }
        },
        "type": "if",
        "locations": [
          {
            "start": { "line": 184, "column": 4 },
            "end": { "line": 190, "column": 5 }
          },
          { "start": {}, "end": {} }
        ],
        "line": 184
      },
      "14": {
        "loc": {
          "start": { "line": 187, "column": 10 },
          "end": { "line": 188, "column": 76 }
        },
        "type": "binary-expr",
        "locations": [
          {
            "start": { "line": 187, "column": 10 },
            "end": { "line": 187, "column": 68 }
          },
          {
            "start": { "line": 188, "column": 10 },
            "end": { "line": 188, "column": 76 }
          }
        ],
        "line": 187
      },
      "15": {
        "loc": {
          "start": { "line": 192, "column": 4 },
          "end": { "line": 199, "column": 5 }
        },
        "type": "if",
        "locations": [
          {
            "start": { "line": 192, "column": 4 },
            "end": { "line": 199, "column": 5 }
          },
          { "start": {}, "end": {} }
        ],
        "line": 192
      },
      "16": {
        "loc": {
          "start": { "line": 192, "column": 8 },
          "end": { "line": 192, "column": 28 }
        },
        "type": "binary-expr",
        "locations": [
          {
            "start": { "line": 192, "column": 8 },
            "end": { "line": 192, "column": 16 }
          },
          {
            "start": { "line": 192, "column": 20 },
            "end": { "line": 192, "column": 28 }
          }
        ],
        "line": 192
      },
      "17": {
        "loc": {
          "start": { "line": 195, "column": 8 },
          "end": { "line": 195, "column": 67 }
        },
        "type": "if",
        "locations": [
          {
            "start": { "line": 195, "column": 8 },
            "end": { "line": 195, "column": 67 }
          },
          { "start": {}, "end": {} }
        ],
        "line": 195
      },
      "18": {
        "loc": {
          "start": { "line": 195, "column": 12 },
          "end": { "line": 195, "column": 52 }
        },
        "type": "binary-expr",
        "locations": [
          {
            "start": { "line": 195, "column": 12 },
            "end": { "line": 195, "column": 20 }
          },
          {
            "start": { "line": 195, "column": 24 },
            "end": { "line": 195, "column": 52 }
          }
        ],
        "line": 195
      },
      "19": {
        "loc": {
          "start": { "line": 196, "column": 8 },
          "end": { "line": 196, "column": 67 }
        },
        "type": "if",
        "locations": [
          {
            "start": { "line": 196, "column": 8 },
            "end": { "line": 196, "column": 67 }
          },
          { "start": {}, "end": {} }
        ],
        "line": 196
      },
      "20": {
        "loc": {
          "start": { "line": 196, "column": 12 },
          "end": { "line": 196, "column": 52 }
        },
        "type": "binary-expr",
        "locations": [
          {
            "start": { "line": 196, "column": 12 },
            "end": { "line": 196, "column": 20 }
          },
          {
            "start": { "line": 196, "column": 24 },
            "end": { "line": 196, "column": 52 }
          }
        ],
        "line": 196
      },
      "21": {
        "loc": {
          "start": { "line": 222, "column": 19 },
          "end": { "line": 222, "column": 34 }
        },
        "type": "binary-expr",
        "locations": [
          {
            "start": { "line": 222, "column": 19 },
            "end": { "line": 222, "column": 28 }
          },
          {
            "start": { "line": 222, "column": 32 },
            "end": { "line": 222, "column": 34 }
          }
        ],
        "line": 222
      },
      "22": {
        "loc": {
          "start": { "line": 227, "column": 4 },
          "end": { "line": 231, "column": 5 }
        },
        "type": "if",
        "locations": [
          {
            "start": { "line": 227, "column": 4 },
            "end": { "line": 231, "column": 5 }
          },
          { "start": {}, "end": {} }
        ],
        "line": 227
      },
      "23": {
        "loc": {
          "start": { "line": 227, "column": 8 },
          "end": { "line": 227, "column": 36 }
        },
        "type": "binary-expr",
        "locations": [
          {
            "start": { "line": 227, "column": 8 },
            "end": { "line": 227, "column": 13 }
          },
          {
            "start": { "line": 227, "column": 17 },
            "end": { "line": 227, "column": 23 }
          },
          {
            "start": { "line": 227, "column": 27 },
            "end": { "line": 227, "column": 36 }
          }
        ],
        "line": 227
      },
      "24": {
        "loc": {
          "start": { "line": 236, "column": 4 },
          "end": { "line": 238, "column": 5 }
        },
        "type": "if",
        "locations": [
          {
            "start": { "line": 236, "column": 4 },
            "end": { "line": 238, "column": 5 }
          },
          { "start": {}, "end": {} }
        ],
        "line": 236
      },
      "25": {
        "loc": {
          "start": { "line": 244, "column": 4 },
          "end": { "line": 248, "column": 5 }
        },
        "type": "if",
        "locations": [
          {
            "start": { "line": 244, "column": 4 },
            "end": { "line": 248, "column": 5 }
          },
          { "start": {}, "end": {} }
        ],
        "line": 244
      },
      "26": {
        "loc": {
          "start": { "line": 244, "column": 8 },
          "end": { "line": 244, "column": 51 }
        },
        "type": "binary-expr",
        "locations": [
          {
            "start": { "line": 244, "column": 8 },
            "end": { "line": 244, "column": 26 }
          },
          {
            "start": { "line": 244, "column": 30 },
            "end": { "line": 244, "column": 51 }
          }
        ],
        "line": 244
      },
      "27": {
        "loc": {
          "start": { "line": 284, "column": 19 },
          "end": { "line": 284, "column": 36 }
        },
        "type": "binary-expr",
        "locations": [
          {
            "start": { "line": 284, "column": 19 },
            "end": { "line": 284, "column": 30 }
          },
          {
            "start": { "line": 284, "column": 34 },
            "end": { "line": 284, "column": 36 }
          }
        ],
        "line": 284
      },
      "28": {
        "loc": {
          "start": { "line": 285, "column": 16 },
          "end": { "line": 285, "column": 30 }
        },
        "type": "binary-expr",
        "locations": [
          {
            "start": { "line": 285, "column": 16 },
            "end": { "line": 285, "column": 24 }
          },
          {
            "start": { "line": 285, "column": 28 },
            "end": { "line": 285, "column": 30 }
          }
        ],
        "line": 285
      },
      "29": {
        "loc": {
          "start": { "line": 286, "column": 18 },
          "end": { "line": 286, "column": 34 }
        },
        "type": "binary-expr",
        "locations": [
          {
            "start": { "line": 286, "column": 18 },
            "end": { "line": 286, "column": 28 }
          },
          {
            "start": { "line": 286, "column": 32 },
            "end": { "line": 286, "column": 34 }
          }
        ],
        "line": 286
      },
      "30": {
        "loc": {
          "start": { "line": 287, "column": 13 },
          "end": { "line": 287, "column": 24 }
        },
        "type": "binary-expr",
        "locations": [
          {
            "start": { "line": 287, "column": 13 },
            "end": { "line": 287, "column": 18 }
          },
          {
            "start": { "line": 287, "column": 22 },
            "end": { "line": 287, "column": 24 }
          }
        ],
        "line": 287
      },
      "31": {
        "loc": {
          "start": { "line": 288, "column": 12 },
          "end": { "line": 288, "column": 22 }
        },
        "type": "binary-expr",
        "locations": [
          {
            "start": { "line": 288, "column": 12 },
            "end": { "line": 288, "column": 16 }
          },
          {
            "start": { "line": 288, "column": 20 },
            "end": { "line": 288, "column": 22 }
          }
        ],
        "line": 288
      },
      "32": {
        "loc": {
          "start": { "line": 291, "column": 14 },
          "end": { "line": 291, "column": 35 }
        },
        "type": "binary-expr",
        "locations": [
          {
            "start": { "line": 291, "column": 14 },
            "end": { "line": 291, "column": 20 }
          },
          {
            "start": { "line": 291, "column": 24 },
            "end": { "line": 291, "column": 35 }
          }
        ],
        "line": 291
      }
    },
    "s": {
      "0": 1,
      "1": 1,
      "2": 1,
      "3": 1,
      "4": 1,
      "5": 1,
      "6": 1,
      "7": 1,
      "8": 1,
      "9": 1,
      "10": 1,
      "11": 1,
      "12": 1,
      "13": 0,
      "14": 1,
      "15": 1,
      "16": 2,
      "17": 2,
      "18": 1,
      "19": 2,
      "20": 2,
      "21": 1,
      "22": 1,
      "23": 1,
      "24": 7,
      "25": 7,
      "26": 7,
      "27": 7,
      "28": 6,
      "29": 1,
      "30": 5,
      "31": 5,
      "32": 5,
      "33": 5,
      "34": 1,
      "35": 4,
      "36": 4,
      "37": 1,
      "38": 3,
      "39": 3,
      "40": 2,
      "41": 2,
      "42": 2,
      "43": 2,
      "44": 1,
      "45": 1,
      "46": 3,
      "47": 3,
      "48": 1,
      "49": 1,
      "50": 1,
      "51": 3,
      "52": 3,
      "53": 3,
      "54": 3,
      "55": 2,
      "56": 1,
      "57": 1,
      "58": 1,
      "59": 1,
      "60": 1,
      "61": 2,
      "62": 2,
      "63": 1,
      "64": 1,
      "65": 1,
      "66": 1,
      "67": 10,
      "68": 10,
      "69": 10,
      "70": 10,
      "71": 1,
      "72": 10,
      "73": 1,
      "74": 10,
      "75": 1,
      "76": 10,
      "77": 10,
      "78": 10,
      "79": 9,
      "80": 9,
      "81": 9,
      "82": 9,
      "83": 2,
      "84": 2,
      "85": 9,
      "86": 3,
      "87": 3,
      "88": 3,
      "89": 0,
      "90": 3,
      "91": 0,
      "92": 3,
      "93": 9,
      "94": 1,
      "95": 1,
      "96": 8,
      "97": 8,
      "98": 8,
      "99": 8,
      "100": 8,
      "101": 8,
      "102": 3,
      "103": 5,
      "104": 5,
      "105": 4,
      "106": 1,
      "107": 3,
      "108": 3,
      "109": 3,
      "110": 3,
      "111": 2,
      "112": 1,
      "113": 1,
      "114": 1,
      "115": 1,
      "116": 0,
      "117": 0,
      "118": 0,
      "119": 1,
      "120": 1,
      "121": 0,
      "122": 0,
      "123": 0,
      "124": 0,
      "125": 0,
      "126": 1,
      "127": 1,
      "128": 1
    },
    "f": {
      "0": 1,
      "1": 1,
      "2": 1,
      "3": 2,
      "4": 2,
      "5": 7,
      "6": 3,
      "7": 2,
      "8": 10,
      "9": 9,
      "10": 2,
      "11": 3,
      "12": 8
    },
    "b": {
      "0": [1, 0],
      "1": [2, 0],
      "2": [1, 5],
      "3": [1, 4],
      "4": [1, 3],
      "5": [1, 1],
      "6": [2, 0],
      "7": [4],
      "8": [1, 9],
      "9": [1, 9],
      "10": [1, 9],
      "11": [10, 0],
      "12": [9, 0],
      "13": [2, 7],
      "14": [2, 1],
      "15": [3, 6],
      "16": [9, 7],
      "17": [0, 3],
      "18": [3, 2],
      "19": [0, 3],
      "20": [3, 2],
      "21": [8, 0],
      "22": [3, 5],
      "23": [8, 7, 6],
      "24": [1, 3],
      "25": [2, 1],
      "26": [3, 2],
      "27": [0, 0],
      "28": [0, 0],
      "29": [0, 0],
      "30": [0, 0],
      "31": [0, 0],
      "32": [0, 0]
    },
    "_coverageSchema": "1a1c01bbd47fc00a2c39e90264f33305004495a9",
    "hash": "ac1274e95ff8e905ac8379bf3528ff672f3600a7"
  },
  "C:\\Users\\tinog\\Desktop\\coding\\Muscle-mommies\\server\\controllers\\outfitController.js": {
    "path": "C:\\Users\\tinog\\Desktop\\coding\\Muscle-mommies\\server\\controllers\\outfitController.js",
    "statementMap": {
      "0": {
        "start": { "line": 1, "column": 14 },
        "end": { "line": 1, "column": 39 }
      },
      "1": {
        "start": { "line": 2, "column": 11 },
        "end": { "line": 2, "column": 28 }
      },
      "2": {
        "start": { "line": 3, "column": 19 },
        "end": { "line": 3, "column": 43 }
      },
      "3": {
        "start": { "line": 6, "column": 19 },
        "end": { "line": 27, "column": 1 }
      },
      "4": {
        "start": { "line": 7, "column": 2 },
        "end": { "line": 26, "column": 3 }
      },
      "5": {
        "start": { "line": 8, "column": 19 },
        "end": { "line": 8, "column": 31 }
      },
      "6": {
        "start": { "line": 9, "column": 22 },
        "end": { "line": 9, "column": 30 }
      },
      "7": {
        "start": { "line": 11, "column": 4 },
        "end": { "line": 13, "column": 5 }
      },
      "8": {
        "start": { "line": 12, "column": 6 },
        "end": { "line": 12, "column": 68 }
      },
      "9": {
        "start": { "line": 15, "column": 21 },
        "end": { "line": 15, "column": 54 }
      },
      "10": {
        "start": { "line": 17, "column": 4 },
        "end": { "line": 20, "column": 7 }
      },
      "11": {
        "start": { "line": 22, "column": 4 },
        "end": { "line": 22, "column": 46 }
      },
      "12": {
        "start": { "line": 24, "column": 4 },
        "end": { "line": 24, "column": 47 }
      },
      "13": {
        "start": { "line": 25, "column": 4 },
        "end": { "line": 25, "column": 49 }
      },
      "14": {
        "start": { "line": 30, "column": 23 },
        "end": { "line": 46, "column": 1 }
      },
      "15": {
        "start": { "line": 31, "column": 2 },
        "end": { "line": 45, "column": 3 }
      },
      "16": {
        "start": { "line": 32, "column": 19 },
        "end": { "line": 32, "column": 31 }
      },
      "17": {
        "start": { "line": 34, "column": 21 },
        "end": { "line": 34, "column": 73 }
      },
      "18": {
        "start": { "line": 36, "column": 20 },
        "end": { "line": 39, "column": 7 }
      },
      "19": {
        "start": { "line": 36, "column": 48 },
        "end": { "line": 39, "column": 5 }
      },
      "20": {
        "start": { "line": 41, "column": 4 },
        "end": { "line": 41, "column": 22 }
      },
      "21": {
        "start": { "line": 43, "column": 4 },
        "end": { "line": 43, "column": 50 }
      },
      "22": {
        "start": { "line": 44, "column": 4 },
        "end": { "line": 44, "column": 49 }
      },
      "23": {
        "start": { "line": 48, "column": 0 },
        "end": { "line": 51, "column": 2 }
      }
    },
    "fnMap": {
      "0": {
        "name": "(anonymous_0)",
        "decl": {
          "start": { "line": 6, "column": 19 },
          "end": { "line": 6, "column": 20 }
        },
        "loc": {
          "start": { "line": 6, "column": 39 },
          "end": { "line": 27, "column": 1 }
        },
        "line": 6
      },
      "1": {
        "name": "(anonymous_1)",
        "decl": {
          "start": { "line": 30, "column": 23 },
          "end": { "line": 30, "column": 24 }
        },
        "loc": {
          "start": { "line": 30, "column": 43 },
          "end": { "line": 46, "column": 1 }
        },
        "line": 30
      },
      "2": {
        "name": "(anonymous_2)",
        "decl": {
          "start": { "line": 36, "column": 38 },
          "end": { "line": 36, "column": 39 }
        },
        "loc": {
          "start": { "line": 36, "column": 48 },
          "end": { "line": 39, "column": 5 }
        },
        "line": 36
      }
    },
    "branchMap": {
      "0": {
        "loc": {
          "start": { "line": 11, "column": 4 },
          "end": { "line": 13, "column": 5 }
        },
        "type": "if",
        "locations": [
          {
            "start": { "line": 11, "column": 4 },
            "end": { "line": 13, "column": 5 }
          },
          { "start": {}, "end": {} }
        ],
        "line": 11
      },
      "1": {
        "loc": {
          "start": { "line": 11, "column": 8 },
          "end": { "line": 11, "column": 61 }
        },
        "type": "binary-expr",
        "locations": [
          {
            "start": { "line": 11, "column": 8 },
            "end": { "line": 11, "column": 14 }
          },
          {
            "start": { "line": 11, "column": 18 },
            "end": { "line": 11, "column": 39 }
          },
          {
            "start": { "line": 11, "column": 43 },
            "end": { "line": 11, "column": 61 }
          }
        ],
        "line": 11
      }
    },
    "s": {
      "0": 1,
      "1": 1,
      "2": 1,
      "3": 1,
      "4": 5,
      "5": 5,
      "6": 5,
      "7": 5,
      "8": 3,
      "9": 2,
      "10": 2,
      "11": 1,
      "12": 1,
      "13": 1,
      "14": 1,
      "15": 2,
      "16": 2,
      "17": 2,
      "18": 1,
      "19": 2,
      "20": 1,
      "21": 1,
      "22": 1,
      "23": 1
    },
    "f": { "0": 5, "1": 2, "2": 2 },
    "b": { "0": [3, 2], "1": [5, 4, 3] },
    "_coverageSchema": "1a1c01bbd47fc00a2c39e90264f33305004495a9",
    "hash": "0818612169ff719ca7559d31e5aab76c595cc94b"
  },
  "C:\\Users\\tinog\\Desktop\\coding\\Muscle-mommies\\server\\controllers\\storeController.js": {
    "path": "C:\\Users\\tinog\\Desktop\\coding\\Muscle-mommies\\server\\controllers\\storeController.js",
    "statementMap": {
      "0": {
        "start": { "line": 1, "column": 14 },
        "end": { "line": 1, "column": 43 }
      },
      "1": {
        "start": { "line": 2, "column": 13 },
        "end": { "line": 2, "column": 28 }
      },
      "2": {
        "start": { "line": 3, "column": 19 },
        "end": { "line": 3, "column": 43 }
      },
      "3": {
        "start": { "line": 4, "column": 20 },
        "end": { "line": 4, "column": 42 }
      },
      "4": {
        "start": { "line": 5, "column": 33 },
        "end": { "line": 5, "column": 59 }
      },
      "5": {
        "start": { "line": 9, "column": 0 },
        "end": { "line": 13, "column": 3 }
      },
      "6": {
        "start": { "line": 16, "column": 27 },
        "end": { "line": 27, "column": 1 }
      },
      "7": {
        "start": { "line": 17, "column": 2 },
        "end": { "line": 26, "column": 5 }
      },
      "8": {
        "start": { "line": 18, "column": 19 },
        "end": { "line": 24, "column": 5 }
      },
      "9": {
        "start": { "line": 21, "column": 8 },
        "end": { "line": 22, "column": 29 }
      },
      "10": {
        "start": { "line": 21, "column": 19 },
        "end": { "line": 21, "column": 33 }
      },
      "11": {
        "start": { "line": 22, "column": 13 },
        "end": { "line": 22, "column": 29 }
      },
      "12": {
        "start": { "line": 25, "column": 4 },
        "end": { "line": 25, "column": 59 }
      },
      "13": {
        "start": { "line": 28, "column": 21 },
        "end": { "line": 36, "column": 1 }
      },
      "14": {
        "start": { "line": 38, "column": 21 },
        "end": { "line": 77, "column": 1 }
      },
      "15": {
        "start": { "line": 39, "column": 2 },
        "end": { "line": 76, "column": 3 }
      },
      "16": {
        "start": { "line": 40, "column": 24 },
        "end": { "line": 40, "column": 34 }
      },
      "17": {
        "start": { "line": 41, "column": 4 },
        "end": { "line": 43, "column": 5 }
      },
      "18": {
        "start": { "line": 42, "column": 6 },
        "end": { "line": 42, "column": 69 }
      },
      "19": {
        "start": { "line": 44, "column": 21 },
        "end": { "line": 48, "column": 12 }
      },
      "20": {
        "start": { "line": 49, "column": 4 },
        "end": { "line": 51, "column": 5 }
      },
      "21": {
        "start": { "line": 50, "column": 6 },
        "end": { "line": 50, "column": 64 }
      },
      "22": {
        "start": { "line": 53, "column": 28 },
        "end": { "line": 58, "column": 12 }
      },
      "23": {
        "start": { "line": 59, "column": 25 },
        "end": { "line": 62, "column": 7 }
      },
      "24": {
        "start": { "line": 59, "column": 60 },
        "end": { "line": 62, "column": 5 }
      },
      "25": {
        "start": { "line": 63, "column": 22 },
        "end": { "line": 69, "column": 5 }
      },
      "26": {
        "start": { "line": 70, "column": 4 },
        "end": { "line": 70, "column": 24 }
      },
      "27": {
        "start": { "line": 72, "column": 4 },
        "end": { "line": 72, "column": 50 }
      },
      "28": {
        "start": { "line": 73, "column": 4 },
        "end": { "line": 75, "column": 72 }
      },
      "29": {
        "start": { "line": 80, "column": 17 },
        "end": { "line": 110, "column": 1 }
      },
      "30": {
        "start": { "line": 81, "column": 2 },
        "end": { "line": 109, "column": 3 }
      },
      "31": {
        "start": { "line": 82, "column": 19 },
        "end": { "line": 82, "column": 31 }
      },
      "32": {
        "start": { "line": 83, "column": 4 },
        "end": { "line": 85, "column": 5 }
      },
      "33": {
        "start": { "line": 84, "column": 6 },
        "end": { "line": 84, "column": 69 }
      },
      "34": {
        "start": { "line": 86, "column": 21 },
        "end": { "line": 89, "column": 37 }
      },
      "35": {
        "start": { "line": 90, "column": 21 },
        "end": { "line": 90, "column": 41 }
      },
      "36": {
        "start": { "line": 91, "column": 4 },
        "end": { "line": 95, "column": 5 }
      },
      "37": {
        "start": { "line": 92, "column": 6 },
        "end": { "line": 94, "column": 68 }
      },
      "38": {
        "start": { "line": 96, "column": 21 },
        "end": { "line": 96, "column": 37 }
      },
      "39": {
        "start": { "line": 97, "column": 22 },
        "end": { "line": 102, "column": 5 }
      },
      "40": {
        "start": { "line": 103, "column": 4 },
        "end": { "line": 103, "column": 24 }
      },
      "41": {
        "start": { "line": 105, "column": 4 },
        "end": { "line": 105, "column": 50 }
      },
      "42": {
        "start": { "line": 106, "column": 4 },
        "end": { "line": 108, "column": 72 }
      },
      "43": {
        "start": { "line": 113, "column": 18 },
        "end": { "line": 129, "column": 1 }
      },
      "44": {
        "start": { "line": 114, "column": 2 },
        "end": { "line": 128, "column": 3 }
      },
      "45": {
        "start": { "line": 115, "column": 21 },
        "end": { "line": 115, "column": 79 }
      },
      "46": {
        "start": { "line": 116, "column": 19 },
        "end": { "line": 121, "column": 7 }
      },
      "47": {
        "start": { "line": 116, "column": 47 },
        "end": { "line": 121, "column": 5 }
      },
      "48": {
        "start": { "line": 122, "column": 4 },
        "end": { "line": 122, "column": 21 }
      },
      "49": {
        "start": { "line": 124, "column": 4 },
        "end": { "line": 124, "column": 51 }
      },
      "50": {
        "start": { "line": 125, "column": 4 },
        "end": { "line": 127, "column": 73 }
      },
      "51": {
        "start": { "line": 133, "column": 28 },
        "end": { "line": 278, "column": 1 }
      },
      "52": {
        "start": { "line": 134, "column": 2 },
        "end": { "line": 277, "column": 3 }
      },
      "53": {
        "start": { "line": 135, "column": 19 },
        "end": { "line": 135, "column": 31 }
      },
      "54": {
        "start": { "line": 144, "column": 8 },
        "end": { "line": 144, "column": 16 }
      },
      "55": {
        "start": { "line": 145, "column": 4 },
        "end": { "line": 147, "column": 5 }
      },
      "56": {
        "start": { "line": 146, "column": 6 },
        "end": { "line": 146, "column": 69 }
      },
      "57": {
        "start": { "line": 148, "column": 4 },
        "end": { "line": 152, "column": 5 }
      },
      "58": {
        "start": { "line": 149, "column": 6 },
        "end": { "line": 151, "column": 9 }
      },
      "59": {
        "start": { "line": 155, "column": 4 },
        "end": { "line": 165, "column": 5 }
      },
      "60": {
        "start": { "line": 156, "column": 6 },
        "end": { "line": 157, "column": 71 }
      },
      "61": {
        "start": { "line": 158, "column": 6 },
        "end": { "line": 160, "column": 7 }
      },
      "62": {
        "start": { "line": 159, "column": 8 },
        "end": { "line": 159, "column": 74 }
      },
      "63": {
        "start": { "line": 162, "column": 6 },
        "end": { "line": 164, "column": 77 }
      },
      "64": {
        "start": { "line": 168, "column": 4 },
        "end": { "line": 201, "column": 5 }
      },
      "65": {
        "start": { "line": 169, "column": 6 },
        "end": { "line": 170, "column": 78 }
      },
      "66": {
        "start": { "line": 171, "column": 19 },
        "end": { "line": 179, "column": 7 }
      },
      "67": {
        "start": { "line": 180, "column": 24 },
        "end": { "line": 180, "column": 53 }
      },
      "68": {
        "start": { "line": 181, "column": 6 },
        "end": { "line": 197, "column": 7 }
      },
      "69": {
        "start": { "line": 182, "column": 8 },
        "end": { "line": 184, "column": 9 }
      },
      "70": {
        "start": { "line": 183, "column": 10 },
        "end": { "line": 183, "column": 47 }
      },
      "71": {
        "start": { "line": 185, "column": 8 },
        "end": { "line": 196, "column": 9 }
      },
      "72": {
        "start": { "line": 186, "column": 10 },
        "end": { "line": 195, "column": 11 }
      },
      "73": {
        "start": { "line": 192, "column": 12 },
        "end": { "line": 194, "column": 65 }
      },
      "74": {
        "start": { "line": 199, "column": 6 },
        "end": { "line": 199, "column": 51 }
      },
      "75": {
        "start": { "line": 200, "column": 6 },
        "end": { "line": 200, "column": 33 }
      },
      "76": {
        "start": { "line": 204, "column": 24 },
        "end": { "line": 213, "column": 5 }
      },
      "77": {
        "start": { "line": 214, "column": 27 },
        "end": { "line": 216, "column": 23 }
      },
      "78": {
        "start": { "line": 218, "column": 19 },
        "end": { "line": 218, "column": 40 }
      },
      "79": {
        "start": { "line": 219, "column": 4 },
        "end": { "line": 230, "column": 5 }
      },
      "80": {
        "start": { "line": 220, "column": 6 },
        "end": { "line": 229, "column": 7 }
      },
      "81": {
        "start": { "line": 221, "column": 23 },
        "end": { "line": 221, "column": 57 }
      },
      "82": {
        "start": { "line": 222, "column": 8 },
        "end": { "line": 222, "column": 37 }
      },
      "83": {
        "start": { "line": 224, "column": 8 },
        "end": { "line": 224, "column": 63 }
      },
      "84": {
        "start": { "line": 225, "column": 8 },
        "end": { "line": 228, "column": 11 }
      },
      "85": {
        "start": { "line": 232, "column": 21 },
        "end": { "line": 235, "column": 37 }
      },
      "86": {
        "start": { "line": 236, "column": 21 },
        "end": { "line": 236, "column": 41 }
      },
      "87": {
        "start": { "line": 237, "column": 22 },
        "end": { "line": 253, "column": 5 }
      },
      "88": {
        "start": { "line": 256, "column": 4 },
        "end": { "line": 269, "column": 5 }
      },
      "89": {
        "start": { "line": 257, "column": 26 },
        "end": { "line": 260, "column": 23 }
      },
      "90": {
        "start": { "line": 261, "column": 6 },
        "end": { "line": 261, "column": 31 }
      },
      "91": {
        "start": { "line": 263, "column": 6 },
        "end": { "line": 263, "column": 36 }
      },
      "92": {
        "start": { "line": 264, "column": 6 },
        "end": { "line": 268, "column": 27 }
      },
[...]
        "decl": {
          "start": { "line": 28, "column": 2 },
          "end": { "line": 28, "column": 3 }
        },
        "loc": {
          "start": { "line": 28, "column": 51 },
          "end": { "line": 35, "column": 3 }
        },
        "line": 28
      },
      "4": {
        "name": "(anonymous_4)",
        "decl": {
          "start": { "line": 38, "column": 2 },
          "end": { "line": 38, "column": 3 }
        },
        "loc": {
          "start": { "line": 38, "column": 11 },
          "end": { "line": 46, "column": 3 }
        },
        "line": 38
      }
    },
    "branchMap": {
      "0": {
        "loc": {
          "start": { "line": 24, "column": 11 },
          "end": { "line": 24, "column": 41 }
        },
        "type": "cond-expr",
        "locations": [
          {
            "start": { "line": 24, "column": 24 },
            "end": { "line": 24, "column": 34 }
          },
          {
            "start": { "line": 24, "column": 37 },
            "end": { "line": 24, "column": 41 }
          }
        ],
        "line": 24
      },
      "1": {
        "loc": {
          "start": { "line": 28, "column": 32 },
          "end": { "line": 28, "column": 49 }
        },
        "type": "default-arg",
        "locations": [
          {
            "start": { "line": 28, "column": 39 },
            "end": { "line": 28, "column": 49 }
          }
        ],
        "line": 28
      },
      "2": {
        "loc": {
          "start": { "line": 31, "column": 6 },
          "end": { "line": 31, "column": 32 }
        },
        "type": "binary-expr",
        "locations": [
          {
            "start": { "line": 31, "column": 6 },
            "end": { "line": 31, "column": 26 }
          },
          {
            "start": { "line": 31, "column": 30 },
            "end": { "line": 31, "column": 32 }
          }
        ],
        "line": 31
      }
    },
    "s": {
      "0": 1,
      "1": 1,
      "2": 5,
      "3": 5,
      "4": 5,
      "5": 5,
      "6": 1,
      "7": 2,
      "8": 2,
      "9": 2,
      "10": 1,
      "11": 1
    },
    "f": { "0": 5, "1": 1, "2": 2, "3": 2, "4": 1 },
    "b": { "0": [1, 1], "1": [1], "2": [2, 1] },
    "_coverageSchema": "1a1c01bbd47fc00a2c39e90264f33305004495a9",
    "hash": "749436b069d0abfaade17fbe5e8e30b404d3cefb"
  },
  "C:\\Users\\tinog\\Desktop\\coding\\Muscle-mommies\\server\\models\\itemModel.js": {
    "path": "C:\\Users\\tinog\\Desktop\\coding\\Muscle-mommies\\server\\models\\itemModel.js",
    "statementMap": {
      "0": {
        "start": { "line": 19, "column": 4 },
        "end": { "line": 19, "column": 25 }
      },
      "1": {
        "start": { "line": 20, "column": 4 },
        "end": { "line": 20, "column": 21 }
      },
      "2": {
        "start": { "line": 21, "column": 4 },
        "end": { "line": 21, "column": 27 }
      },
      "3": {
        "start": { "line": 22, "column": 4 },
        "end": { "line": 22, "column": 29 }
      },
      "4": {
        "start": { "line": 23, "column": 4 },
        "end": { "line": 23, "column": 23 }
      },
      "5": {
        "start": { "line": 24, "column": 4 },
        "end": { "line": 24, "column": 33 }
      },
      "6": {
        "start": { "line": 25, "column": 4 },
        "end": { "line": 25, "column": 35 }
      },
      "7": {
        "start": { "line": 26, "column": 4 },
        "end": { "line": 26, "column": 39 }
      },
      "8": {
        "start": { "line": 27, "column": 4 },
        "end": { "line": 27, "column": 21 }
      },
      "9": {
        "start": { "line": 28, "column": 4 },
        "end": { "line": 28, "column": 25 }
      },
      "10": {
        "start": { "line": 29, "column": 4 },
        "end": { "line": 29, "column": 35 }
      },
      "11": {
        "start": { "line": 30, "column": 4 },
        "end": { "line": 30, "column": 31 }
      },
      "12": {
        "start": { "line": 31, "column": 4 },
        "end": { "line": 31, "column": 31 }
      },
      "13": {
        "start": { "line": 32, "column": 4 },
        "end": { "line": 32, "column": 31 }
      },
      "14": {
        "start": { "line": 37, "column": 4 },
        "end": { "line": 39, "column": 5 }
      },
      "15": {
        "start": { "line": 38, "column": 6 },
        "end": { "line": 38, "column": 18 }
      },
      "16": {
        "start": { "line": 40, "column": 4 },
        "end": { "line": 40, "column": 70 }
      },
      "17": {
        "start": { "line": 40, "column": 37 },
        "end": { "line": 40, "column": 50 }
      },
      "18": {
        "start": { "line": 45, "column": 25 },
        "end": { "line": 45, "column": 47 }
      },
      "19": {
        "start": { "line": 46, "column": 4 },
        "end": { "line": 48, "column": 56 }
      },
      "20": {
        "start": { "line": 52, "column": 0 },
        "end": { "line": 52, "column": 22 }
      }
    },
    "fnMap": {
      "0": {
        "name": "(anonymous_0)",
        "decl": {
          "start": { "line": 3, "column": 2 },
          "end": { "line": 3, "column": 3 }
        },
        "loc": {
          "start": { "line": 18, "column": 5 },
          "end": { "line": 33, "column": 3 }
        },
        "line": 18
      },
      "1": {
        "name": "(anonymous_1)",
        "decl": {
          "start": { "line": 36, "column": 2 },
          "end": { "line": 36, "column": 3 }
        },
        "loc": {
          "start": { "line": 36, "column": 20 },
          "end": { "line": 41, "column": 3 }
        },
        "line": 36
      },
      "2": {
        "name": "(anonymous_2)",
        "decl": {
          "start": { "line": 40, "column": 28 },
          "end": { "line": 40, "column": 29 }
        },
        "loc": {
          "start": { "line": 40, "column": 37 },
          "end": { "line": 40, "column": 50 }
        },
        "line": 40
      },
      "3": {
        "name": "(anonymous_3)",
        "decl": {
          "start": { "line": 44, "column": 2 },
          "end": { "line": 44, "column": 3 }
        },
        "loc": {
          "start": { "line": 44, "column": 23 },
          "end": { "line": 49, "column": 3 }
        },
        "line": 44
      }
    },
    "branchMap": {
      "0": {
        "loc": {
          "start": { "line": 30, "column": 18 },
          "end": { "line": 30, "column": 30 }
        },
        "type": "binary-expr",
        "locations": [
          {
            "start": { "line": 30, "column": 18 },
            "end": { "line": 30, "column": 24 }
          },
          {
            "start": { "line": 30, "column": 28 },
            "end": { "line": 30, "column": 30 }
          }
        ],
        "line": 30
      },
      "1": {
        "loc": {
          "start": { "line": 37, "column": 4 },
          "end": { "line": 39, "column": 5 }
        },
        "type": "if",
        "locations": [
          {
            "start": { "line": 37, "column": 4 },
            "end": { "line": 39, "column": 5 }
          },
          { "start": {}, "end": {} }
        ],
        "line": 37
      },
      "2": {
        "loc": {
          "start": { "line": 37, "column": 8 },
          "end": { "line": 37, "column": 48 }
        },
        "type": "binary-expr",
        "locations": [
          {
            "start": { "line": 37, "column": 8 },
            "end": { "line": 37, "column": 20 }
          },
          {
            "start": { "line": 37, "column": 24 },
            "end": { "line": 37, "column": 48 }
          }
        ],
        "line": 37
      },
      "3": {
        "loc": {
          "start": { "line": 40, "column": 11 },
          "end": { "line": 40, "column": 69 }
        },
        "type": "binary-expr",
        "locations": [
          {
            "start": { "line": 40, "column": 11 },
            "end": { "line": 40, "column": 51 }
          },
          {
            "start": { "line": 40, "column": 55 },
            "end": { "line": 40, "column": 69 }
          }
        ],
        "line": 40
      },
      "4": {
        "loc": {
          "start": { "line": 46, "column": 11 },
          "end": { "line": 48, "column": 55 }
        },
        "type": "cond-expr",
        "locations": [
          {
            "start": { "line": 47, "column": 8 },
            "end": { "line": 47, "column": 29 }
          },
          {
            "start": { "line": 48, "column": 8 },
            "end": { "line": 48, "column": 55 }
          }
        ],
        "line": 46
      }
    },
    "s": {
      "0": 16,
      "1": 16,
      "2": 16,
      "3": 16,
      "4": 16,
      "5": 16,
      "6": 16,
      "7": 16,
      "8": 16,
      "9": 16,
      "10": 16,
      "11": 16,
      "12": 16,
      "13": 16,
      "14": 3,
      "15": 1,
      "16": 2,
      "17": 2,
      "18": 3,
      "19": 3,
      "20": 2
    },
    "f": { "0": 16, "1": 3, "2": 2, "3": 3 },
    "b": { "0": [16, 0], "1": [1, 2], "2": [3, 3], "3": [2, 1], "4": [2, 1] },
    "_coverageSchema": "1a1c01bbd47fc00a2c39e90264f33305004495a9",
    "hash": "9af0ee5b4f1d15cbcdbfb0e939516cee696d3050"
  },
  "C:\\Users\\tinog\\Desktop\\coding\\Muscle-mommies\\server\\models\\store.js": {
    "path": "C:\\Users\\tinog\\Desktop\\coding\\Muscle-mommies\\server\\models\\store.js",
    "statementMap": {
      "0": {
        "start": { "line": 2, "column": 14 },
        "end": { "line": 32, "column": 1 }
      },
      "1": {
        "start": { "line": 35, "column": 13 },
        "end": { "line": 53, "column": 1 }
      },
      "2": {
        "start": { "line": 56, "column": 18 },
        "end": { "line": 64, "column": 1 }
      },
      "3": {
        "start": { "line": 67, "column": 13 },
        "end": { "line": 77, "column": 1 }
      },
      "4": {
        "start": { "line": 80, "column": 16 },
        "end": { "line": 93, "column": 1 }
      },
      "5": {
        "start": { "line": 96, "column": 20 },
        "end": { "line": 109, "column": 1 }
      },
      "6": {
        "start": { "line": 112, "column": 15 },
        "end": { "line": 124, "column": 1 }
      },
      "7": {
        "start": { "line": 126, "column": 0 },
        "end": { "line": 126, "column": 80 }
      }
    },
    "fnMap": {},
    "branchMap": {},
    "s": { "0": 3, "1": 3, "2": 3, "3": 3, "4": 3, "5": 3, "6": 3, "7": 3 },
    "f": {},
    "b": {},
    "_coverageSchema": "1a1c01bbd47fc00a2c39e90264f33305004495a9",
    "hash": "dbf0ee0d30d262250ac8f08e72288750e1b411e7"
  },
  "C:\\Users\\tinog\\Desktop\\coding\\Muscle-mommies\\server\\routes\\authRoutes.js": {
    "path": "C:\\Users\\tinog\\Desktop\\coding\\Muscle-mommies\\server\\routes\\authRoutes.js",
    "statementMap": {
      "0": {
        "start": { "line": 2, "column": 16 },
        "end": { "line": 2, "column": 34 }
      },
      "1": {
        "start": { "line": 3, "column": 15 },
        "end": { "line": 3, "column": 31 }
      },
      "2": {
        "start": { "line": 4, "column": 23 },
        "end": { "line": 4, "column": 63 }
      },
      "3": {
        "start": { "line": 7, "column": 0 },
        "end": { "line": 7, "column": 46 }
      },
      "4": {
        "start": { "line": 8, "column": 0 },
        "end": { "line": 8, "column": 59 }
      },
      "5": {
        "start": { "line": 11, "column": 0 },
        "end": { "line": 11, "column": 48 }
      },
      "6": {
        "start": { "line": 13, "column": 0 },
        "end": { "line": 13, "column": 50 }
      },
      "7": {
        "start": { "line": 15, "column": 0 },
        "end": { "line": 15, "column": 24 }
      }
    },
    "fnMap": {},
    "branchMap": {},
    "s": { "0": 1, "1": 1, "2": 1, "3": 1, "4": 1, "5": 1, "6": 1, "7": 1 },
    "f": {},
    "b": {},
    "_coverageSchema": "1a1c01bbd47fc00a2c39e90264f33305004495a9",
    "hash": "55b826f9de48a9940585c91ed90772683aafcac4"
  },
  "C:\\Users\\tinog\\Desktop\\coding\\Muscle-mommies\\server\\routes\\externalRoutes.js": {
    "path": "C:\\Users\\tinog\\Desktop\\coding\\Muscle-mommies\\server\\routes\\externalRoutes.js",
    "statementMap": {
      "0": {
        "start": { "line": 1, "column": 16 },
        "end": { "line": 1, "column": 34 }
      },
      "1": {
        "start": { "line": 2, "column": 15 },
        "end": { "line": 2, "column": 31 }
      },
      "2": {
        "start": { "line": 8, "column": 4 },
        "end": { "line": 8, "column": 48 }
      },
      "3": {
        "start": { "line": 9, "column": 15 },
        "end": { "line": 9, "column": 32 }
      },
      "4": {
        "start": { "line": 11, "column": 16 },
        "end": { "line": 18, "column": 2 }
      },
      "5": {
        "start": { "line": 13, "column": 4 },
        "end": { "line": 13, "column": 27 }
      },
      "6": {
        "start": { "line": 16, "column": 4 },
        "end": { "line": 16, "column": 51 }
      },
      "7": {
        "start": { "line": 20, "column": 15 },
        "end": { "line": 20, "column": 34 }
      },
      "8": {
        "start": { "line": 23, "column": 0 },
        "end": { "line": 23, "column": 39 }
      },
      "9": {
        "start": { "line": 24, "column": 0 },
        "end": { "line": 24, "column": 76 }
      },
      "10": {
        "start": { "line": 25, "column": 0 },
        "end": { "line": 25, "column": 49 }
      },
      "11": {
        "start": { "line": 27, "column": 0 },
        "end": { "line": 27, "column": 24 }
      }
    },
    "fnMap": {
      "0": {
        "name": "(anonymous_0)",
        "decl": {
          "start": { "line": 12, "column": 15 },
          "end": { "line": 12, "column": 16 }
        },
        "loc": {
          "start": { "line": 12, "column": 34 },
          "end": { "line": 14, "column": 3 }
        },
        "line": 12
      },
      "1": {
        "name": "(anonymous_1)",
        "decl": {
          "start": { "line": 15, "column": 12 },
          "end": { "line": 15, "column": 13 }
        },
        "loc": {
          "start": { "line": 15, "column": 31 },
          "end": { "line": 17, "column": 3 }
        },
        "line": 15
      }
    },
    "branchMap": {},
    "s": {
      "0": 1,
      "1": 1,
      "2": 1,
      "3": 1,
      "4": 1,
      "5": 0,
      "6": 0,
      "7": 1,
      "8": 1,
      "9": 1,
      "10": 1,
      "11": 1
    },
    "f": { "0": 0, "1": 0 },
    "b": {},
    "_coverageSchema": "1a1c01bbd47fc00a2c39e90264f33305004495a9",
    "hash": "c6e20c9653d00f70c6b06d6edcd77ac9c89cf1aa"
  },
  "C:\\Users\\tinog\\Desktop\\coding\\Muscle-mommies\\server\\routes\\storeRoutes.js": {
    "path": "C:\\Users\\tinog\\Desktop\\coding\\Muscle-mommies\\server\\routes\\storeRoutes.js",
    "statementMap": {
      "0": {
        "start": { "line": 1, "column": 16 },
        "end": { "line": 1, "column": 34 }
      },
      "1": {
        "start": { "line": 5, "column": 4 },
        "end": { "line": 5, "column": 46 }
      },
      "2": {
        "start": { "line": 6, "column": 15 },
        "end": { "line": 6, "column": 31 }
      },
      "3": {
        "start": { "line": 31, "column": 4 },
        "end": { "line": 31, "column": 45 }
      },
      "4": {
        "start": { "line": 38, "column": 4 },
        "end": { "line": 38, "column": 44 }
      },
      "5": {
        "start": { "line": 39, "column": 23 },
        "end": { "line": 39, "column": 62 }
      },
      "6": {
        "start": { "line": 40, "column": 15 },
        "end": { "line": 40, "column": 32 }
      },
      "7": {
        "start": { "line": 43, "column": 15 },
        "end": { "line": 46, "column": 2 }
      },
      "8": {
        "start": { "line": 49, "column": 0 },
        "end": { "line": 49, "column": 65 }
      },
      "9": {
        "start": { "line": 50, "column": 0 },
        "end": { "line": 50, "column": 71 }
      },
      "10": {
        "start": { "line": 53, "column": 0 },
        "end": { "line": 53, "column": 69 }
      },
      "11": {
        "start": { "line": 54, "column": 0 },
        "end": { "line": 54, "column": 69 }
      },
      "12": {
        "start": { "line": 55, "column": 0 },
        "end": { "line": 59, "column": 2 }
      },
      "13": {
        "start": { "line": 62, "column": 0 },
        "end": { "line": 62, "column": 54 }
      },
      "14": {
        "start": { "line": 63, "column": 0 },
        "end": { "line": 67, "column": 2 }
      },
      "15": {
        "start": { "line": 68, "column": 0 },
        "end": { "line": 68, "column": 61 }
      },
      "16": {
        "start": { "line": 69, "column": 0 },
        "end": { "line": 69, "column": 69 }
      },
      "17": {
        "start": { "line": 70, "column": 0 },
        "end": { "line": 70, "column": 57 }
      },
      "18": {
        "start": { "line": 73, "column": 0 },
        "end": { "line": 73, "column": 61 }
      },
      "19": {
        "start": { "line": 74, "column": 0 },
        "end": { "line": 74, "column": 56 }
      },
      "20": {
        "start": { "line": 77, "column": 0 },
        "end": { "line": 77, "column": 68 }
      },
      "21": {
        "start": { "line": 78, "column": 0 },
        "end": { "line": 78, "column": 71 }
      },
      "22": {
        "start": { "line": 79, "column": 0 },
        "end": { "line": 83, "column": 2 }
      },
      "23": {
        "start": { "line": 84, "column": 0 },
        "end": { "line": 88, "column": 2 }
      },
      "24": {
        "start": { "line": 91, "column": 0 },
        "end": { "line": 91, "column": 50 }
      },
      "25": {
        "start": { "line": 92, "column": 0 },
        "end": { "line": 92, "column": 33 }
      },
      "26": {
        "start": { "line": 93, "column": 0 },
        "end": { "line": 93, "column": 61 }
      },
      "27": {
        "start": { "line": 94, "column": 0 },
        "end": { "line": 99, "column": 2 }
      },
      "28": {
        "start": { "line": 100, "column": 0 },
        "end": { "line": 105, "column": 2 }
      },
      "29": {
        "start": { "line": 108, "column": 0 },
        "end": { "line": 108, "column": 41 }
      },
      "30": {
        "start": { "line": 109, "column": 0 },
        "end": { "line": 109, "column": 34 }
      },
      "31": {
        "start": { "line": 110, "column": 0 },
        "end": { "line": 110, "column": 54 }
      },
      "32": {
        "start": { "line": 111, "column": 0 },
        "end": { "line": 111, "column": 70 }
      },
      "33": {
        "start": { "line": 112, "column": 0 },
        "end": { "line": 117, "column": 2 }
      },
      "34": {
        "start": { "line": 118, "column": 0 },
        "end": { "line": 123, "column": 2 }
      },
      "35": {
        "start": { "line": 124, "column": 0 },
        "end": { "line": 129, "column": 2 }
      },
      "36": {
        "start": { "line": 130, "column": 0 },
        "end": { "line": 130, "column": 67 }
      },
      "37": {
        "start": { "line": 133, "column": 0 },
        "end": { "line": 133, "column": 52 }
      },
      "38": {
        "start": { "line": 134, "column": 0 },
        "end": { "line": 134, "column": 55 }
      },
      "39": {
        "start": { "line": 136, "column": 0 },
        "end": { "line": 136, "column": 24 }
      }
    },
    "fnMap": {},
    "branchMap": {},
    "s": {
      "0": 1,
      "1": 1,
      "2": 1,
      "3": 1,
      "4": 1,
      "5": 1,
      "6": 1,
      "7": 1,
      "8": 1,
      "9": 1,
      "10": 1,
      "11": 1,
      "12": 1,
      "13": 1,
      "14": 1,
      "15": 1,
      "16": 1,
      "17": 1,
      "18": 1,
      "19": 1,
      "20": 1,
      "21": 1,
      "22": 1,
      "23": 1,
      "24": 1,
      "25": 1,
      "26": 1,
      "27": 1,
      "28": 1,
      "29": 1,
      "30": 1,
      "31": 1,
      "32": 1,
      "33": 1,
      "34": 1,
      "35": 1,
      "36": 1,
      "37": 1,
      "38": 1,
      "39": 1
    },
    "f": {},
    "b": {},
    "_coverageSchema": "1a1c01bbd47fc00a2c39e90264f33305004495a9",
    "hash": "f22b602902a7a9620649ac18a800f4b9187a8d7b"
  }
}
