TN:
SF:utils.js
FN:1,(anonymous_0)
FN:6,(anonymous_1)
FN:13,(anonymous_2)
FNF:3
FNH:3
FNDA:2,(anonymous_0)
FNDA:2,(anonymous_1)
FNDA:2,(anonymous_2)
DA:1,1
DA:2,2
DA:3,2
DA:6,1
DA:7,2
DA:8,1
DA:10,1
DA:13,1
DA:14,2
DA:21,1
LF:10
LH:10
BRDA:7,0,0,1
BRDA:7,0,1,1
BRDA:7,1,0,2
BRDA:7,1,1,1
BRDA:13,2,0,1
BRF:5
BRH:5
end_of_record
TN:
SF:controllers\authController.js
FN:6,(anonymous_0)
FN:39,(anonymous_1)
FN:71,(anonymous_2)
FN:88,(anonymous_3)
FNF:4
FNH:4
FNDA:5,(anonymous_0)
FNDA:8,(anonymous_1)
FNDA:4,(anonymous_2)
FNDA:5,(anonymous_3)
DA:2,1
DA:3,1
DA:6,1
DA:7,5
DA:8,5
DA:9,5
DA:11,5
DA:12,1
DA:16,4
DA:22,2
DA:23,2
DA:24,2
DA:26,1
DA:33,3
DA:34,3
DA:39,1
DA:40,8
DA:41,8
DA:44,8
DA:45,1
DA:49,7
DA:50,5
DA:53,5
DA:54,4
DA:55,3
DA:56,3
DA:59,4
DA:66,3
DA:71,1
DA:72,4
DA:73,4
DA:74,1
DA:76,3
DA:77,3
DA:78,2
DA:79,1
DA:81,1
DA:83,1
DA:84,1
DA:88,1
DA:89,5
DA:90,5
DA:91,2
DA:93,3
DA:94,2
DA:95,1
DA:97,1
DA:99,3
DA:100,3
LF:49
LH:49
BRDA:11,0,0,1
BRDA:11,0,1,4
BRDA:44,1,0,1
BRDA:44,1,1,7
BRDA:54,2,0,3
BRDA:54,2,1,1
BRDA:55,3,0,3
BRDA:55,3,1,1
BRDA:55,4,0,3
BRDA:55,4,1,1
BRDA:72,5,0,4
BRDA:72,5,1,0
BRDA:73,6,0,1
BRDA:73,6,1,3
BRDA:78,7,0,1
BRDA:78,7,1,1
BRDA:90,8,0,2
BRDA:90,8,1,3
BRDA:90,9,0,5
BRDA:90,9,1,4
BRDA:94,10,0,1
BRDA:94,10,1,1
BRF:22
BRH:21
end_of_record
TN:
SF:controllers\externalController.js
FN:22,(anonymous_0)
FN:31,(anonymous_1)
FN:34,(anonymous_2)
FN:48,(anonymous_3)
FN:92,(anonymous_4)
FN:95,(anonymous_5)
FNF:6
FNH:5
FNDA:0,(anonymous_0)
FNDA:2,(anonymous_1)
FNDA:2,(anonymous_2)
FNDA:5,(anonymous_3)
FNDA:2,(anonymous_4)
FNDA:2,(anonymous_5)
DA:1,1
DA:3,1
DA:4,1
DA:5,1
DA:6,1
DA:9,1
DA:10,1
DA:11,0
DA:15,1
DA:22,1
DA:23,0
DA:24,0
DA:25,0
DA:27,0
DA:31,1
DA:32,2
DA:33,2
DA:34,2
DA:38,1
DA:40,1
DA:41,1
DA:48,1
DA:49,5
DA:50,5
DA:51,1
DA:53,4
DA:56,3
DA:57,3
DA:59,1
DA:62,3
DA:63,3
DA:64,3
DA:70,3
DA:75,3
DA:80,2
DA:81,2
DA:83,2
DA:84,2
DA:92,1
DA:93,2
DA:94,2
DA:95,1
DA:96,2
DA:97,2
DA:102,1
DA:103,1
DA:105,1
DA:106,1
DA:112,1
LF:49
LH:44
BRDA:10,0,0,0
BRDA:10,0,1,1
BRDA:24,1,0,0
BRDA:24,1,1,0
BRDA:24,2,0,0
BRDA:24,2,1,0
BRDA:50,3,0,1
BRDA:50,3,1,4
BRF:8
BRH:3
end_of_record
TN:
SF:controllers\itemController.js
FN:18,(anonymous_0)
FN:19,(anonymous_1)
FN:22,(anonymous_2)
FN:32,(anonymous_3)
FN:35,(anonymous_4)
FN:61,(anonymous_5)
FN:118,(anonymous_6)
FN:129,(anonymous_7)
FN:146,(anonymous_8)
FN:175,(anonymous_9)
FN:186,(anonymous_10)
FN:193,(anonymous_11)
FN:208,(anonymous_12)
FNF:13
FNH:13
FNDA:1,(anonymous_0)
FNDA:1,(anonymous_1)
FNDA:1,(anonymous_2)
FNDA:2,(anonymous_3)
FNDA:2,(anonymous_4)
FNDA:7,(anonymous_5)
FNDA:3,(anonymous_6)
FNDA:2,(anonymous_7)
FNDA:10,(anonymous_8)
FNDA:9,(anonymous_9)
FNDA:2,(anonymous_10)
FNDA:3,(anonymous_11)
FNDA:8,(anonymous_12)
DA:1,1
DA:2,1
DA:3,1
DA:4,1
DA:5,1
DA:7,1
DA:8,1
DA:11,1
DA:18,1
DA:19,1
DA:20,1
DA:23,1
DA:24,0
DA:27,1
DA:32,1
DA:33,2
DA:34,2
DA:35,1
DA:36,2
DA:37,2
DA:54,1
DA:56,1
DA:61,1
DA:62,7
DA:63,7
DA:64,7
DA:67,7
DA:68,6
DA:69,1
DA:72,5
DA:75,5
DA:76,5
DA:77,5
DA:78,1
DA:80,4
DA:81,4
DA:82,1
DA:88,3
DA:92,3
DA:93,2
DA:94,2
DA:96,2
DA:97,2
DA:98,1
DA:100,1
DA:106,3
DA:108,3
DA:110,1
DA:111,1
DA:118,1
DA:119,3
DA:120,3
DA:121,3
DA:122,3
DA:123,2
DA:124,1
DA:125,1
DA:127,1
DA:128,1
DA:129,1
DA:130,2
DA:131,2
DA:136,1
DA:138,1
DA:139,1
DA:146,1
DA:147,10
DA:156,10
DA:158,10
DA:161,10
DA:162,1
DA:164,10
DA:165,1
DA:167,10
DA:168,1
DA:170,10
DA:171,10
DA:174,10
DA:175,9
DA:176,9
DA:177,9
DA:184,9
DA:185,2
DA:187,2
DA:192,9
DA:193,3
DA:194,3
DA:195,3
DA:196,3
DA:197,3
DA:201,9
DA:203,1
DA:208,1
DA:209,8
DA:210,8
DA:221,8
DA:222,8
DA:224,8
DA:227,8
DA:228,3
DA:234,5
DA:235,5
DA:236,4
DA:237,1
DA:239,3
DA:242,3
DA:243,3
DA:244,3
DA:245,2
DA:251,1
DA:252,1
DA:253,1
DA:254,1
DA:255,0
DA:256,0
DA:265,0
DA:271,1
DA:272,1
DA:280,0
DA:298,0
DA:301,0
DA:302,0
DA:307,0
DA:309,1
DA:310,1
DA:316,1
LF:126
LH:117
BRDA:23,0,0,1
BRDA:23,0,1,0
BRDA:38,1,0,2
BRDA:38,1,1,0
BRDA:68,2,0,1
BRDA:68,2,1,5
BRDA:77,3,0,1
BRDA:77,3,1,4
BRDA:81,4,0,1
BRDA:81,4,1,3
BRDA:123,5,0,1
BRDA:123,5,1,1
BRDA:132,6,0,2
BRDA:132,6,1,0
BRDA:155,7,0,4
BRDA:161,8,0,1
BRDA:161,8,1,9
BRDA:164,9,0,1
BRDA:164,9,1,9
BRDA:167,10,0,1
BRDA:167,10,1,9
BRDA:170,11,0,10
BRDA:170,11,1,0
BRDA:178,12,0,9
BRDA:178,12,1,0
BRDA:184,13,0,2
BRDA:184,13,1,7
BRDA:187,14,0,2
BRDA:187,14,1,1
BRDA:192,15,0,3
BRDA:192,15,1,6
BRDA:192,16,0,9
BRDA:192,16,1,7
BRDA:195,17,0,0
BRDA:195,17,1,3
BRDA:195,18,0,3
BRDA:195,18,1,2
BRDA:196,19,0,0
BRDA:196,19,1,3
BRDA:196,20,0,3
BRDA:196,20,1,2
BRDA:222,21,0,8
BRDA:222,21,1,0
BRDA:227,22,0,3
BRDA:227,22,1,5
BRDA:227,23,0,8
BRDA:227,23,1,7
BRDA:227,23,2,6
BRDA:236,24,0,1
BRDA:236,24,1,3
BRDA:244,25,0,2
BRDA:244,25,1,1
BRDA:244,26,0,3
BRDA:244,26,1,2
BRDA:284,27,0,0
BRDA:284,27,1,0
BRDA:285,28,0,0
BRDA:285,28,1,0
BRDA:286,29,0,0
BRDA:286,29,1,0
BRDA:287,30,0,0
BRDA:287,30,1,0
BRDA:288,31,0,0
BRDA:288,31,1,0
BRDA:291,32,0,0
BRDA:291,32,1,0
BRF:66
BRH:46
end_of_record
TN:
SF:controllers\outfitController.js
FN:6,(anonymous_0)
FN:30,(anonymous_1)
FN:36,(anonymous_2)
FNF:3
FNH:3
FNDA:5,(anonymous_0)
FNDA:2,(anonymous_1)
FNDA:2,(anonymous_2)
DA:1,1
DA:2,1
DA:3,1
DA:6,1
DA:7,5
DA:8,5
DA:9,5
DA:11,5
DA:12,3
DA:15,2
DA:17,2
DA:22,1
DA:24,1
DA:25,1
DA:30,1
DA:31,2
DA:32,2
DA:34,2
DA:36,2
DA:41,1
DA:43,1
DA:44,1
DA:48,1
LF:23
LH:23
BRDA:11,0,0,3
BRDA:11,0,1,2
BRDA:11,1,0,5
BRDA:11,1,1,4
BRDA:11,1,2,3
BRF:5
BRH:5
end_of_record
TN:
SF:controllers\storeController.js
FN:16,(anonymous_0)
FN:17,(anonymous_1)
FN:20,(anonymous_2)
FN:38,(anonymous_3)
FN:59,(anonymous_4)
FN:80,(anonymous_5)
FN:113,(anonymous_6)
FN:116,(anonymous_7)
FN:133,(anonymous_8)
FN:281,(anonymous_9)
FN:296,(anonymous_10)
FN:314,(anonymous_11)
FN:326,(anonymous_12)
FN:366,(anonymous_13)
FN:399,(anonymous_14)
FN:407,(anonymous_15)
FN:421,(anonymous_16)
FN:462,(anonymous_17)
FN:473,(anonymous_18)
FN:487,(anonymous_19)
FN:604,(anonymous_20)
FN:614,(anonymous_21)
FN:616,(anonymous_22)
FN:620,(anonymous_23)
FN:642,(anonymous_24)
FN:665,(anonymous_25)
FN:725,(anonymous_26)
FN:766,(anonymous_27)
FN:802,(anonymous_28)
FN:815,(anonymous_29)
FN:905,(anonymous_30)
FN:928,(anonymous_31)
FN:1056,(anonymous_32)
FN:1108,(anonymous_33)
FN:1155,(anonymous_34)
FN:1166,(anonymous_35)
FN:1167,(anonymous_36)
FN:1185,(anonymous_37)
FN:1257,(anonymous_38)
FNF:39
FNH:39
FNDA:2,(anonymous_0)
FNDA:2,(anonymous_1)
FNDA:2,(anonymous_2)
FNDA:3,(anonymous_3)
FNDA:1,(anonymous_4)
FNDA:3,(anonymous_5)
FNDA:1,(anonymous_6)
FNDA:2,(anonymous_7)
FNDA:4,(anonymous_8)
FNDA:2,(anonymous_9)
FNDA:2,(anonymous_10)
FNDA:1,(anonymous_11)
FNDA:3,(anonymous_12)
FNDA:2,(anonymous_13)
FNDA:1,(anonymous_14)
FNDA:2,(anonymous_15)
FNDA:2,(anonymous_16)
FNDA:1,(anonymous_17)
FNDA:1,(anonymous_18)
FNDA:2,(anonymous_19)
FNDA:1,(anonymous_20)
FNDA:2,(anonymous_21)
FNDA:1,(anonymous_22)
FNDA:3,(anonymous_23)
FNDA:1,(anonymous_24)
FNDA:3,(anonymous_25)
FNDA:2,(anonymous_26)
FNDA:3,(anonymous_27)
FNDA:1,(anonymous_28)
FNDA:4,(anonymous_29)
FNDA:3,(anonymous_30)
FNDA:7,(anonymous_31)
FNDA:5,(anonymous_32)
FNDA:5,(anonymous_33)
FNDA:5,(anonymous_34)
FNDA:4,(anonymous_35)
FNDA:4,(anonymous_36)
FNDA:4,(anonymous_37)
FNDA:1,(anonymous_38)
DA:1,1
DA:2,1
DA:3,1
DA:4,1
DA:5,1
DA:9,1
DA:16,1
DA:17,2
DA:18,2
DA:21,2
DA:22,2
DA:25,2
DA:28,1
DA:38,1
DA:39,3
DA:40,3
DA:41,3
DA:42,1
DA:44,2
DA:49,2
DA:50,1
DA:53,1
DA:59,1
DA:63,1
DA:70,1
DA:72,0
DA:73,0
DA:80,1
DA:81,3
DA:82,3
DA:83,3
DA:84,1
DA:86,2
DA:90,2
DA:91,2
DA:92,1
DA:96,1
DA:97,1
DA:103,1
DA:105,0
DA:106,0
DA:113,1
DA:114,1
DA:115,1
DA:116,2
DA:122,1
DA:124,0
DA:125,0
DA:133,1
DA:134,4
DA:135,4
DA:144,4
DA:145,4
DA:146,1
DA:148,3
DA:149,1
DA:155,2
DA:156,2
DA:158,2
DA:159,0
DA:162,0
DA:168,2
DA:169,2
DA:171,2
DA:180,2
DA:181,2
DA:182,14
DA:183,0
DA:185,14
DA:186,0
DA:192,0
DA:199,0
DA:200,0
DA:204,2
DA:214,2
DA:218,2
DA:219,2
DA:220,1
DA:221,1
DA:222,1
DA:224,0
DA:225,0
DA:232,2
DA:236,2
DA:237,2
DA:256,2
DA:257,2
DA:261,2
DA:263,0
DA:264,0
DA:271,2
DA:273,0
DA:274,0
DA:281,1
DA:282,2
DA:283,2
DA:284,1
DA:286,1
DA:287,1
DA:289,0
DA:290,0
DA:296,1
DA:297,2
DA:298,2
DA:299,2
DA:303,2
DA:304,2
DA:305,1
DA:307,1
DA:308,1
DA:314,1
DA:318,1
DA:320,0
DA:321,0
DA:326,1
DA:327,3
DA:328,3
DA:329,3
DA:330,3
DA:331,1
DA:333,2
DA:334,1
DA:338,1
DA:342,1
DA:343,1
DA:344,0
DA:346,1
DA:347,1
DA:348,1
DA:349,1
DA:356,1
DA:358,0
DA:359,0
DA:366,1
DA:367,2
DA:368,2
DA:369,2
DA:370,2
DA:371,0
DA:373,2
DA:377,2
DA:378,2
DA:379,1
DA:381,1
DA:382,1
DA:389,1
DA:391,0
DA:392,0
DA:399,1
DA:400,1
DA:401,1
DA:402,1
DA:403,1
DA:407,2
DA:411,1
DA:413,0
DA:414,0
DA:421,1
DA:422,2
DA:423,2
DA:424,2
DA:425,2
DA:426,1
DA:428,1
DA:429,1
DA:430,1
DA:438,1
DA:442,1
DA:443,1
DA:451,1
DA:452,1
DA:454,0
DA:455,0
DA:462,1
DA:463,1
DA:464,1
DA:465,1
DA:466,1
DA:467,1
DA:471,1
DA:472,1
DA:473,1
DA:474,1
DA:476,1
DA:477,1
DA:479,0
DA:480,0
DA:487,1
DA:488,2
DA:489,2
DA:490,2
DA:501,2
DA:502,2
DA:504,2
DA:505,0
DA:508,2
DA:512,2
DA:513,2
DA:514,0
DA:516,2
DA:518,2
DA:519,2
DA:520,2
DA:521,1
DA:523,1
DA:524,0
DA:529,1
DA:530,1
DA:533,1
DA:534,1
DA:535,0
DA:541,1
DA:542,1
DA:543,0
DA:544,0
DA:545,0
DA:549,0
DA:550,0
DA:551,0
DA:553,0
DA:554,0
DA:560,0
DA:568,1
DA:570,1
DA:572,1
DA:594,1
DA:595,1
DA:597,0
DA:598,0
DA:604,1
DA:605,1
DA:606,1
DA:607,1
DA:608,1
DA:611,1
DA:614,2
DA:615,1
DA:617,1
DA:619,1
DA:620,3
DA:621,2
DA:622,2
DA:623,2
DA:625,2
DA:627,0
DA:628,0
DA:629,0
DA:632,1
DA:633,1
DA:635,0
DA:636,0
DA:642,1
DA:643,1
DA:644,1
DA:645,1
DA:646,1
DA:651,1
DA:652,1
DA:659,0
DA:660,0
DA:665,1
DA:666,3
DA:667,3
DA:668,3
DA:669,3
DA:677,1
DA:681,2
DA:686,2
DA:687,1
DA:691,1
DA:696,1
DA:697,0
DA:700,1
DA:708,1
DA:709,1
DA:714,1
DA:715,1
DA:717,0
DA:718,0
DA:725,1
DA:726,2
DA:727,2
DA:728,2
DA:729,2
DA:730,1
DA:732,1
DA:733,1
DA:734,1
DA:742,1
DA:743,1
DA:744,1
DA:752,1
DA:756,1
DA:758,0
DA:759,0
DA:766,1
DA:767,3
DA:768,3
DA:769,3
DA:774,3
DA:775,1
DA:777,2
DA:780,2
DA:781,1
DA:786,1
DA:788,1
DA:790,0
DA:791,0
DA:796,1
DA:801,1
DA:802,1
DA:806,1
DA:808,0
DA:809,0
DA:815,1
DA:816,4
DA:817,4
DA:818,4
DA:819,4
DA:820,4
DA:825,4
DA:826,1
DA:828,3
DA:829,3
DA:830,1
DA:832,2
DA:833,1
DA:837,1
DA:843,1
DA:844,1
DA:852,1
DA:859,1
DA:864,1
DA:865,1
DA:866,1
DA:867,1
DA:877,1
DA:882,1
DA:890,1
DA:896,1
DA:898,0
DA:899,0
DA:905,1
DA:906,3
DA:907,3
DA:908,3
DA:909,2
DA:910,2
DA:911,2
DA:912,2
DA:913,1
DA:914,1
DA:916,1
DA:917,1
DA:918,1
DA:920,0
DA:921,0
DA:928,1
DA:929,7
DA:930,7
DA:931,7
DA:932,7
DA:934,7
DA:935,1
DA:939,6
DA:943,6
DA:944,6
DA:945,1
DA:947,5
DA:950,5
DA:954,5
DA:955,5
DA:956,1
DA:958,4
DA:959,1
DA:964,3
DA:965,3
DA:971,3
DA:972,2
DA:975,2
DA:976,2
DA:980,2
DA:985,2
DA:987,2
DA:988,1
DA:989,1
DA:992,1
DA:993,1
DA:995,1
DA:1000,1
DA:1004,0
DA:1005,0
DA:1013,2
DA:1014,1
DA:1015,1
DA:1019,1
DA:1024,1
DA:1026,1
DA:1027,1
DA:1028,1
DA:1032,1
DA:1037,0
DA:1043,2
DA:1044,2
DA:1046,2
DA:1048,0
DA:1049,0
DA:1056,1
DA:1057,5
DA:1058,5
DA:1059,5
DA:1061,5
DA:1062,1
DA:1067,4
DA:1068,1
DA:1072,3
DA:1078,3
DA:1079,1
DA:1083,2
DA:1093,2
DA:1096,2
DA:1098,2
DA:1100,0
DA:1101,0
DA:1108,1
DA:1109,5
DA:1110,5
DA:1111,5
DA:1114,5
DA:1118,5
DA:1120,5
DA:1121,1
DA:1124,4
DA:1125,4
DA:1126,1
DA:1131,3
DA:1132,1
DA:1136,2
DA:1143,2
DA:1145,2
DA:1147,0
DA:1148,0
DA:1155,1
DA:1156,5
DA:1158,5
DA:1164,5
DA:1166,5
DA:1167,5
DA:1168,5
DA:1171,5
DA:1181,0
DA:1185,1
DA:1186,4
DA:1187,4
DA:1188,4
DA:1189,1
DA:1192,3
DA:1198,3
DA:1199,1
DA:1202,2
DA:1203,2
DA:1204,3
DA:1207,3
DA:1208,3
DA:1209,2
DA:1215,2
DA:1218,2
DA:1219,2
DA:1220,2
DA:1221,2
DA:1227,2
DA:1228,2
DA:1231,0
DA:1236,2
DA:1246,1
DA:1247,1
DA:1257,2
DA:1258,1
DA:1259,1
DA:1260,1
DA:1263,2
DA:1265,0
DA:1266,0
DA:1272,1
LF:484
LH:401
BRDA:21,0,0,0
BRDA:21,0,1,2
BRDA:41,1,0,1
BRDA:41,1,1,2
BRDA:49,2,0,1
BRDA:49,2,1,1
BRDA:66,3,0,1
BRDA:66,3,1,0
BRDA:67,4,0,1
BRDA:67,4,1,0
BRDA:83,5,0,1
BRDA:83,5,1,2
BRDA:91,6,0,1
BRDA:91,6,1,1
BRDA:100,7,0,1
BRDA:100,7,1,1
BRDA:101,8,0,1
BRDA:101,8,1,1
BRDA:119,9,0,2
BRDA:119,9,1,2
BRDA:120,10,0,2
BRDA:120,10,1,2
BRDA:145,11,0,1
BRDA:145,11,1,3
BRDA:148,12,0,1
BRDA:148,12,1,2
BRDA:148,13,0,3
BRDA:148,13,1,2
BRDA:148,13,2,2
BRDA:157,14,0,0
BRDA:157,14,1,2
BRDA:158,15,0,0
BRDA:158,15,1,2
BRDA:158,16,0,2
BRDA:158,16,1,2
BRDA:170,17,0,0
BRDA:170,17,1,2
BRDA:170,18,0,2
BRDA:170,18,1,2
BRDA:182,19,0,0
BRDA:182,19,1,14
BRDA:182,20,0,14
BRDA:182,20,1,14
BRDA:185,21,0,0
BRDA:185,21,1,14
BRDA:186,22,0,0
BRDA:186,22,1,0
BRDA:187,23,0,0
BRDA:187,23,1,0
BRDA:187,23,2,0
BRDA:187,23,3,0
BRDA:214,24,0,0
BRDA:214,24,1,2
BRDA:218,25,0,2
BRDA:218,25,1,2
BRDA:219,26,0,1
BRDA:219,26,1,1
BRDA:240,27,0,2
BRDA:240,27,1,2
BRDA:249,28,0,2
BRDA:249,28,1,0
BRDA:256,29,0,2
BRDA:256,29,1,0
BRDA:283,30,0,1
BRDA:283,30,1,1
BRDA:304,31,0,1
BRDA:304,31,1,1
BRDA:330,32,0,1
BRDA:330,32,1,2
BRDA:333,33,0,1
BRDA:333,33,1,1
BRDA:333,34,0,2
BRDA:333,34,1,1
BRDA:343,35,0,0
BRDA:343,35,1,1
BRDA:370,36,0,0
BRDA:370,36,1,2
BRDA:378,37,0,1
BRDA:378,37,1,1
BRDA:425,38,0,1
BRDA:425,38,1,1
BRDA:425,39,0,2
BRDA:425,39,1,1
BRDA:448,40,0,1
BRDA:448,40,1,1
BRDA:449,41,0,1
BRDA:449,41,1,1
BRDA:502,42,0,2
BRDA:502,42,1,1
BRDA:504,43,0,0
BRDA:504,43,1,2
BRDA:513,44,0,0
BRDA:513,44,1,2
BRDA:520,45,0,1
BRDA:520,45,1,1
BRDA:523,46,0,0
BRDA:523,46,1,1
BRDA:533,47,0,1
BRDA:533,47,1,0
BRDA:533,48,0,1
BRDA:533,48,1,0
BRDA:533,48,2,0
BRDA:534,49,0,0
BRDA:534,49,1,1
BRDA:534,50,0,1
BRDA:534,50,1,1
BRDA:534,50,2,1
BRDA:542,51,0,0
BRDA:542,51,1,1
BRDA:544,52,0,0
BRDA:544,52,1,0
BRDA:550,53,0,0
BRDA:550,53,1,0
BRDA:568,54,0,1
BRDA:568,54,1,1
BRDA:570,55,0,0
BRDA:570,55,1,1
BRDA:573,56,0,1
BRDA:573,56,1,0
BRDA:575,57,0,0
BRDA:575,57,1,1
BRDA:577,58,0,1
BRDA:577,58,1,1
BRDA:578,59,0,0
BRDA:578,59,1,1
BRDA:578,60,0,1
BRDA:578,60,1,1
BRDA:580,61,0,0
BRDA:580,61,1,1
BRDA:580,62,0,1
BRDA:580,62,1,1
BRDA:581,63,0,0
BRDA:581,63,1,1
BRDA:581,64,0,1
BRDA:581,64,1,1
BRDA:582,65,0,0
BRDA:582,65,1,1
BRDA:582,66,0,1
BRDA:582,66,1,1
BRDA:583,67,0,1
BRDA:583,67,1,0
BRDA:583,68,0,0
BRDA:583,68,1,0
BRDA:585,69,0,1
BRDA:585,69,1,0
BRDA:587,70,0,0
BRDA:587,70,1,0
BRDA:589,71,0,0
BRDA:589,71,1,1
BRDA:589,72,0,1
BRDA:589,72,1,1
BRDA:617,73,0,1
BRDA:617,73,1,0
BRDA:617,74,0,1
BRDA:617,74,1,0
BRDA:624,75,0,2
BRDA:624,75,1,0
BRDA:624,75,2,0
BRDA:651,76,0,1
BRDA:651,76,1,0
BRDA:655,77,0,1
BRDA:655,77,1,0
BRDA:655,77,2,0
BRDA:656,78,0,1
BRDA:656,78,1,0
BRDA:669,79,0,1
BRDA:669,79,1,2
BRDA:670,80,0,3
BRDA:670,80,1,2
BRDA:670,80,2,2
BRDA:670,80,3,2
BRDA:670,80,4,2
BRDA:670,80,5,2
BRDA:686,81,0,1
BRDA:686,81,1,1
BRDA:696,82,0,0
BRDA:696,82,1,1
BRDA:729,83,0,1
BRDA:729,83,1,1
BRDA:729,84,0,2
BRDA:729,84,1,1
BRDA:739,85,0,1
BRDA:739,85,1,0
BRDA:740,86,0,1
BRDA:740,86,1,0
BRDA:774,87,0,1
BRDA:774,87,1,2
BRDA:777,88,0,2
BRDA:777,88,1,0
BRDA:780,89,0,1
BRDA:780,89,1,1
BRDA:786,90,0,1
BRDA:786,90,1,0
BRDA:825,91,0,1
BRDA:825,91,1,3
BRDA:829,92,0,1
BRDA:829,92,1,2
BRDA:832,93,0,1
BRDA:832,93,1,1
BRDA:908,94,0,1
BRDA:908,94,1,2
BRDA:912,95,0,1
BRDA:912,95,1,1
BRDA:934,96,0,1
BRDA:934,96,1,6
BRDA:944,97,0,1
BRDA:944,97,1,5
BRDA:955,98,0,1
BRDA:955,98,1,4
BRDA:958,99,0,1
BRDA:958,99,1,3
BRDA:971,100,0,2
BRDA:971,100,1,1
BRDA:987,101,0,1
BRDA:987,101,1,1
BRDA:1013,102,0,1
BRDA:1013,102,1,1
BRDA:1026,103,0,1
BRDA:1026,103,1,0
BRDA:1061,104,0,1
BRDA:1061,104,1,4
BRDA:1061,105,0,5
BRDA:1061,105,1,4
BRDA:1067,106,0,1
BRDA:1067,106,1,3
BRDA:1067,107,0,4
BRDA:1067,107,1,4
BRDA:1078,108,0,1
BRDA:1078,108,1,2
BRDA:1084,109,0,2
BRDA:1084,109,1,1
BRDA:1085,110,0,2
BRDA:1085,110,1,1
BRDA:1089,111,0,2
BRDA:1089,111,1,0
BRDA:1120,112,0,1
BRDA:1120,112,1,4
BRDA:1125,113,0,1
BRDA:1125,113,1,3
BRDA:1131,114,0,1
BRDA:1131,114,1,2
BRDA:1164,115,0,0
BRDA:1164,115,1,5
BRDA:1188,116,0,1
BRDA:1188,116,1,3
BRDA:1198,117,0,1
BRDA:1198,117,1,2
BRDA:1215,118,0,2
BRDA:1215,118,1,0
BRDA:1219,119,0,2
BRDA:1219,119,1,0
BRDA:1227,120,0,2
BRDA:1227,120,1,0
BRDA:1240,121,0,2
BRDA:1240,121,1,0
BRDA:1240,121,2,0
BRDA:1251,122,0,1
BRDA:1251,122,1,0
BRDA:1258,123,0,1
BRDA:1258,123,1,1
BRDA:1259,124,0,1
BRDA:1259,124,1,1
BRF:262
BRH:195
end_of_record
TN:
SF:middleware\authMiddleware.js
FN:4,(anonymous_0)
FNF:1
FNH:1
FNDA:3,(anonymous_0)
DA:2,1
DA:4,1
DA:5,3
DA:6,3
DA:7,1
DA:9,2
DA:10,2
DA:11,2
DA:12,1
DA:13,1
DA:15,1
DA:16,1
LF:12
LH:12
BRDA:6,0,0,1
BRDA:6,0,1,2
BRDA:6,1,0,3
BRDA:6,1,1,2
BRF:4
BRH:4
end_of_record
TN:
SF:models\User.js
FN:5,(anonymous_0)
FN:12,(anonymous_1)
FN:22,(anonymous_2)
FN:28,(anonymous_3)
FN:38,(anonymous_4)
FNF:5
FNH:5
FNDA:5,(anonymous_0)
FNDA:1,(anonymous_1)
FNDA:2,(anonymous_2)
FNDA:2,(anonymous_3)
FNDA:1,(anonymous_4)
DA:1,1
DA:2,1
DA:6,5
DA:7,5
DA:8,5
DA:9,5
DA:13,1
DA:23,2
DA:24,2
DA:29,2
DA:39,1
DA:48,1
LF:12
LH:12
BRDA:24,0,0,1
BRDA:24,0,1,1
BRDA:28,1,0,1
BRDA:31,2,0,2
BRDA:31,2,1,1
BRF:5
BRH:5
end_of_record
TN:
SF:models\itemModel.js
FN:3,(anonymous_0)
FN:36,(anonymous_1)
FN:40,(anonymous_2)
FN:44,(anonymous_3)
FNF:4
FNH:4
FNDA:16,(anonymous_0)
FNDA:3,(anonymous_1)
FNDA:2,(anonymous_2)
FNDA:3,(anonymous_3)
DA:19,16
DA:20,16
DA:21,16
DA:22,16
DA:23,16
DA:24,16
DA:25,16
DA:26,16
DA:27,16
DA:28,16
DA:29,16
DA:30,16
DA:31,16
DA:32,16
DA:37,3
DA:38,1
DA:40,2
DA:45,3
DA:46,3
DA:52,2
LF:20
LH:20
BRDA:30,0,0,16
BRDA:30,0,1,0
BRDA:37,1,0,1
BRDA:37,1,1,2
BRDA:37,2,0,3
BRDA:37,2,1,3
BRDA:40,3,0,2
BRDA:40,3,1,1
BRDA:46,4,0,2
BRDA:46,4,1,1
BRF:10
BRH:9
end_of_record
TN:
SF:models\store.js
FNF:0
FNH:0
DA:2,3
DA:35,3
DA:56,3
DA:67,3
DA:80,3
DA:96,3
DA:112,3
DA:126,3
LF:8
LH:8
BRF:0
BRH:0
end_of_record
TN:
SF:routes\authRoutes.js
FNF:0
FNH:0
DA:2,1
DA:3,1
DA:4,1
DA:7,1
DA:8,1
DA:11,1
DA:13,1
DA:15,1
LF:8
LH:8
BRF:0
BRH:0
end_of_record
TN:
SF:routes\externalRoutes.js
FN:12,(anonymous_0)
FN:15,(anonymous_1)
FNF:2
FNH:0
FNDA:0,(anonymous_0)
FNDA:0,(anonymous_1)
DA:1,1
DA:2,1
DA:8,1
DA:9,1
DA:11,1
DA:13,0
DA:16,0
DA:20,1
DA:23,1
DA:24,1
DA:25,1
DA:27,1
LF:12
LH:10
BRF:0
BRH:0
end_of_record
TN:
SF:routes\storeRoutes.js
FNF:0
FNH:0
DA:1,1
DA:5,1
DA:6,1
DA:31,1
DA:38,1
DA:39,1
DA:40,1
DA:43,1
DA:49,1
DA:50,1
DA:53,1
DA:54,1
DA:55,1
DA:62,1
DA:63,1
DA:68,1
DA:69,1
DA:70,1
DA:73,1
DA:74,1
DA:77,1
DA:78,1
DA:79,1
DA:84,1
DA:91,1
DA:92,1
DA:93,1
DA:94,1
DA:100,1
DA:108,1
DA:109,1
DA:110,1
DA:111,1
DA:112,1
DA:118,1
DA:124,1
DA:130,1
DA:133,1
DA:134,1
DA:136,1
LF:40
LH:40
BRF:0
BRH:0
end_of_record
