TN:
SF:utils.js
FN:1,(anonymous_0)
FN:6,(anonymous_1)
FN:13,(anonymous_2)
FNF:3
FNH:3
FNDA:2,(anonymous_0)
FNDA:2,(anonymous_1)
FNDA:2,(anonymous_2)
DA:1,1
DA:2,2
DA:3,2
DA:6,1
DA:7,2
DA:8,1
DA:10,1
DA:13,1
DA:14,2
DA:21,1
LF:10
LH:10
BRDA:7,0,0,1
BRDA:7,0,1,1
BRDA:7,1,0,2
BRDA:7,1,1,1
BRDA:13,2,0,1
BRF:5
BRH:5
end_of_record
TN:
SF:controllers\authController.js
FN:6,(anonymous_0)
FN:39,(anonymous_1)
FN:71,(anonymous_2)
FN:88,(anonymous_3)
FNF:4
FNH:4
FNDA:5,(anonymous_0)
FNDA:8,(anonymous_1)
FNDA:4,(anonymous_2)
FNDA:5,(anonymous_3)
DA:2,1
DA:3,1
DA:6,1
DA:7,5
DA:8,5
DA:9,5
DA:11,5
DA:12,1
DA:16,4
DA:22,2
DA:23,2
DA:24,2
DA:26,1
DA:33,3
DA:34,3
DA:39,1
DA:40,8
DA:41,8
DA:44,8
DA:45,1
DA:49,7
DA:50,5
DA:53,5
DA:54,4
DA:55,3
DA:56,3
DA:59,4
DA:66,3
DA:71,1
DA:72,4
DA:73,4
DA:74,1
DA:76,3
DA:77,3
DA:78,2
DA:79,1
DA:81,1
DA:83,1
DA:84,1
DA:88,1
DA:89,5
DA:90,5
DA:91,2
DA:93,3
DA:94,2
DA:95,1
DA:97,1
DA:99,3
DA:100,3
LF:49
LH:49
BRDA:11,0,0,1
BRDA:11,0,1,4
BRDA:44,1,0,1
BRDA:44,1,1,7
BRDA:54,2,0,3
BRDA:54,2,1,1
BRDA:55,3,0,3
BRDA:55,3,1,1
BRDA:55,4,0,3
BRDA:55,4,1,1
BRDA:72,5,0,4
BRDA:72,5,1,0
BRDA:73,6,0,1
BRDA:73,6,1,3
BRDA:78,7,0,1
BRDA:78,7,1,1
BRDA:90,8,0,2
BRDA:90,8,1,3
BRDA:90,9,0,5
BRDA:90,9,1,4
BRDA:94,10,0,1
BRDA:94,10,1,1
BRF:22
BRH:21
end_of_record
TN:
SF:controllers\externalController.js
FN:22,(anonymous_0)
FN:31,(anonymous_1)
FN:34,(anonymous_2)
FN:48,(anonymous_3)
FN:92,(anonymous_4)
FN:95,(anonymous_5)
FNF:6
FNH:5
FNDA:0,(anonymous_0)
FNDA:2,(anonymous_1)
FNDA:2,(anonymous_2)
FNDA:5,(anonymous_3)
FNDA:2,(anonymous_4)
FNDA:2,(anonymous_5)
DA:1,1
DA:3,1
DA:4,1
DA:5,1
DA:6,1
DA:9,1
DA:10,1
DA:11,1
DA:15,1
DA:22,1
DA:23,0
DA:24,0
DA:25,0
DA:27,0
DA:31,1
DA:32,2
DA:33,2
DA:34,2
DA:38,1
DA:40,1
DA:41,1
DA:48,1
DA:49,5
DA:50,5
DA:51,1
DA:53,4
DA:56,3
DA:57,3
DA:59,1
DA:62,3
DA:63,3
DA:64,3
DA:70,3
DA:75,3
DA:80,2
DA:81,2
DA:83,2
DA:84,2
DA:92,1
DA:93,2
DA:94,2
DA:95,1
DA:96,2
DA:97,2
DA:102,1
DA:103,1
DA:105,1
DA:106,1
DA:112,1
LF:49
LH:45
BRDA:10,0,0,1
BRDA:10,0,1,0
BRDA:24,1,0,0
BRDA:24,1,1,0
BRDA:24,2,0,0
BRDA:24,2,1,0
BRDA:50,3,0,1
BRDA:50,3,1,4
BRF:8
BRH:3
end_of_record
TN:
SF:controllers\itemController.js
FN:18,(anonymous_0)
FN:19,(anonymous_1)
FN:22,(anonymous_2)
FN:32,(anonymous_3)
FN:35,(anonymous_4)
FN:61,(anonymous_5)
FN:72,(anonymous_6)
FN:89,(anonymous_7)
FN:118,(anonymous_8)
FN:129,(anonymous_9)
FN:136,(anonymous_10)
FN:151,(anonymous_11)
FNF:12
FNH:8
FNDA:0,(anonymous_0)
FNDA:0,(anonymous_1)
FNDA:0,(anonymous_2)
FNDA:1,(anonymous_3)
FNDA:2,(anonymous_4)
FNDA:1,(anonymous_5)
FNDA:2,(anonymous_6)
FNDA:6,(anonymous_7)
FNDA:6,(anonymous_8)
FNDA:1,(anonymous_9)
FNDA:1,(anonymous_10)
FNDA:0,(anonymous_11)
DA:1,1
DA:2,1
DA:3,1
DA:4,1
DA:5,1
DA:7,1
DA:8,1
DA:11,1
DA:18,1
DA:19,0
DA:20,0
DA:23,0
DA:24,0
DA:27,0
DA:32,1
DA:33,1
DA:34,1
DA:35,1
DA:36,2
DA:37,2
DA:54,1
DA:56,0
DA:61,1
DA:62,1
DA:63,1
DA:64,1
DA:65,1
DA:66,1
DA:67,0
DA:68,0
DA:70,1
DA:71,1
DA:72,1
DA:73,2
DA:74,2
DA:79,1
DA:81,0
DA:82,0
DA:89,1
DA:90,6
DA:99,6
DA:101,6
DA:104,6
DA:105,1
DA:107,6
DA:108,1
DA:110,6
DA:111,1
DA:113,6
DA:114,6
DA:117,6
DA:118,6
DA:119,6
DA:120,6
DA:127,6
DA:128,1
DA:130,1
DA:135,6
DA:136,1
DA:137,1
DA:138,1
DA:139,1
DA:140,1
DA:144,6
DA:146,0
DA:151,1
DA:152,0
DA:153,0
DA:164,0
DA:165,0
DA:167,0
DA:170,0
DA:171,0
DA:177,0
DA:178,0
DA:179,0
DA:180,0
DA:182,0
DA:185,0
DA:186,0
DA:187,0
DA:188,0
DA:194,0
DA:195,0
DA:196,0
DA:197,0
DA:198,0
DA:199,0
DA:208,0
DA:214,0
DA:215,0
DA:223,0
DA:241,0
DA:244,0
DA:245,0
DA:250,0
DA:252,0
DA:253,0
DA:259,1
LF:99
LH:56
BRDA:23,0,0,0
BRDA:23,0,1,0
BRDA:38,1,0,2
BRDA:38,1,1,0
BRDA:66,2,0,0
BRDA:66,2,1,1
BRDA:75,3,0,2
BRDA:75,3,1,0
BRDA:98,4,0,2
BRDA:104,5,0,1
BRDA:104,5,1,5
BRDA:107,6,0,1
BRDA:107,6,1,5
BRDA:110,7,0,1
BRDA:110,7,1,5
BRDA:113,8,0,6
BRDA:113,8,1,0
BRDA:121,9,0,6
BRDA:121,9,1,0
BRDA:127,10,0,1
BRDA:127,10,1,5
BRDA:130,11,0,1
BRDA:130,11,1,0
BRDA:135,12,0,1
BRDA:135,12,1,5
BRDA:135,13,0,6
BRDA:135,13,1,5
BRDA:138,14,0,0
BRDA:138,14,1,1
BRDA:138,15,0,1
BRDA:138,15,1,1
BRDA:139,16,0,0
BRDA:139,16,1,1
BRDA:139,17,0,1
BRDA:139,17,1,1
BRDA:165,18,0,0
BRDA:165,18,1,0
BRDA:170,19,0,0
BRDA:170,19,1,0
BRDA:170,20,0,0
BRDA:170,20,1,0
BRDA:170,20,2,0
BRDA:179,21,0,0
BRDA:179,21,1,0
BRDA:187,22,0,0
BRDA:187,22,1,0
BRDA:187,23,0,0
BRDA:187,23,1,0
BRDA:227,24,0,0
BRDA:227,24,1,0
BRDA:228,25,0,0
BRDA:228,25,1,0
BRDA:229,26,0,0
BRDA:229,26,1,0
BRDA:230,27,0,0
BRDA:230,27,1,0
BRDA:231,28,0,0
BRDA:231,28,1,0
BRDA:234,29,0,0
BRDA:234,29,1,0
BRF:60
BRH:25
end_of_record
TN:
SF:controllers\outfitController.js
FN:6,(anonymous_0)
FN:30,(anonymous_1)
FN:36,(anonymous_2)
FNF:3
FNH:3
FNDA:5,(anonymous_0)
FNDA:2,(anonymous_1)
FNDA:2,(anonymous_2)
DA:1,1
DA:2,1
DA:3,1
DA:6,1
DA:7,5
DA:8,5
DA:9,5
DA:11,5
DA:12,3
DA:15,2
DA:17,2
DA:22,1
DA:24,1
DA:25,1
DA:30,1
DA:31,2
DA:32,2
DA:34,2
DA:36,2
DA:41,1
DA:43,1
DA:44,1
DA:48,1
LF:23
LH:23
BRDA:11,0,0,3
BRDA:11,0,1,2
BRDA:11,1,0,5
BRDA:11,1,1,4
BRDA:11,1,2,3
BRF:5
BRH:5
end_of_record
TN:
SF:controllers\storeController.js
FN:16,(anonymous_0)
FN:17,(anonymous_1)
FN:20,(anonymous_2)
FN:38,(anonymous_3)
FN:68,(anonymous_4)
FN:101,(anonymous_5)
FN:104,(anonymous_6)
FN:121,(anonymous_7)
FN:265,(anonymous_8)
FN:280,(anonymous_9)
FN:298,(anonymous_10)
FN:310,(anonymous_11)
FN:350,(anonymous_12)
FN:383,(anonymous_13)
FN:391,(anonymous_14)
FN:405,(anonymous_15)
FN:446,(anonymous_16)
FN:457,(anonymous_17)
FN:471,(anonymous_18)
FN:588,(anonymous_19)
FN:598,(anonymous_20)
FN:600,(anonymous_21)
FN:604,(anonymous_22)
FN:626,(anonymous_23)
FN:649,(anonymous_24)
FN:709,(anonymous_25)
FN:750,(anonymous_26)
FN:786,(anonymous_27)
FN:799,(anonymous_28)
FN:889,(anonymous_29)
FN:912,(anonymous_30)
FN:1040,(anonymous_31)
FN:1099,(anonymous_32)
FN:1146,(anonymous_33)
FN:1157,(anonymous_34)
FN:1158,(anonymous_35)
FN:1176,(anonymous_36)
FN:1240,(anonymous_37)
FNF:38
FNH:38
FNDA:2,(anonymous_0)
FNDA:2,(anonymous_1)
FNDA:2,(anonymous_2)
FNDA:3,(anonymous_3)
FNDA:3,(anonymous_4)
FNDA:1,(anonymous_5)
FNDA:2,(anonymous_6)
FNDA:4,(anonymous_7)
FNDA:2,(anonymous_8)
FNDA:2,(anonymous_9)
FNDA:1,(anonymous_10)
FNDA:3,(anonymous_11)
FNDA:2,(anonymous_12)
FNDA:1,(anonymous_13)
FNDA:2,(anonymous_14)
FNDA:2,(anonymous_15)
FNDA:1,(anonymous_16)
FNDA:1,(anonymous_17)
FNDA:2,(anonymous_18)
FNDA:1,(anonymous_19)
FNDA:2,(anonymous_20)
FNDA:1,(anonymous_21)
FNDA:3,(anonymous_22)
FNDA:1,(anonymous_23)
FNDA:3,(anonymous_24)
FNDA:2,(anonymous_25)
FNDA:3,(anonymous_26)
FNDA:1,(anonymous_27)
FNDA:4,(anonymous_28)
FNDA:3,(anonymous_29)
FNDA:7,(anonymous_30)
FNDA:5,(anonymous_31)
FNDA:5,(anonymous_32)
FNDA:3,(anonymous_33)
FNDA:4,(anonymous_34)
FNDA:4,(anonymous_35)
FNDA:4,(anonymous_36)
FNDA:1,(anonymous_37)
DA:1,1
DA:2,1
DA:3,1
DA:4,1
DA:5,1
DA:9,1
DA:16,1
DA:17,2
DA:18,2
DA:21,2
DA:22,2
DA:25,2
DA:28,1
DA:38,1
DA:39,3
DA:40,3
DA:41,3
DA:42,1
DA:44,2
DA:49,2
DA:50,1
DA:52,1
DA:58,1
DA:60,0
DA:61,0
DA:68,1
DA:69,3
DA:70,3
DA:71,3
DA:72,1
DA:74,2
DA:78,2
DA:79,2
DA:80,1
DA:84,1
DA:85,1
DA:91,1
DA:93,0
DA:94,0
DA:101,1
DA:102,1
DA:103,1
DA:104,2
DA:110,1
DA:112,0
DA:113,0
DA:121,1
DA:122,4
DA:123,4
DA:132,4
DA:133,4
DA:134,1
DA:136,3
DA:137,1
DA:143,2
DA:144,2
DA:146,2
DA:147,0
DA:150,0
DA:156,2
DA:157,2
DA:159,2
DA:168,2
DA:169,2
DA:170,14
DA:171,0
DA:173,14
DA:174,0
DA:180,0
DA:187,0
DA:188,0
DA:192,2
DA:198,2
DA:202,2
DA:203,2
DA:204,1
DA:205,1
DA:206,1
DA:208,0
DA:209,0
DA:216,2
DA:220,2
DA:221,2
DA:240,2
DA:241,2
DA:245,2
DA:247,0
DA:248,0
DA:255,2
DA:257,0
DA:258,0
DA:265,1
DA:266,2
DA:267,2
DA:268,1
DA:270,1
DA:271,1
DA:273,0
DA:274,0
DA:280,1
DA:281,2
DA:282,2
DA:283,2
DA:287,2
DA:288,2
DA:289,1
DA:291,1
DA:292,1
DA:298,1
DA:302,1
DA:304,0
DA:305,0
DA:310,1
DA:311,3
DA:312,3
DA:313,3
DA:314,3
DA:315,1
DA:317,2
DA:318,1
DA:322,1
DA:326,1
DA:327,1
DA:328,0
DA:330,1
DA:331,1
DA:332,1
DA:333,1
DA:340,1
DA:342,0
DA:343,0
DA:350,1
DA:351,2
DA:352,2
DA:353,2
DA:354,2
DA:355,0
DA:357,2
DA:361,2
DA:362,2
DA:363,1
DA:365,1
DA:366,1
DA:373,1
DA:375,0
DA:376,0
DA:383,1
DA:384,1
DA:385,1
DA:386,1
DA:387,1
DA:391,2
DA:395,1
DA:397,0
DA:398,0
DA:405,1
DA:406,2
DA:407,2
DA:408,2
DA:409,2
DA:410,1
DA:412,1
DA:413,1
DA:414,1
DA:422,1
DA:426,1
DA:427,1
DA:435,1
DA:436,1
DA:438,0
DA:439,0
DA:446,1
DA:447,1
DA:448,1
DA:449,1
DA:450,1
DA:451,1
DA:455,1
DA:456,1
DA:457,1
DA:458,1
DA:460,1
DA:461,1
DA:463,0
DA:464,0
DA:471,1
DA:472,2
DA:473,2
DA:474,2
DA:485,2
DA:486,2
DA:488,2
DA:489,0
DA:492,2
DA:496,2
DA:497,2
DA:498,0
DA:500,2
DA:502,2
DA:503,2
DA:504,2
DA:505,1
DA:507,1
DA:508,0
DA:513,1
DA:514,1
DA:517,1
DA:518,1
DA:519,0
DA:525,1
DA:526,1
DA:527,0
DA:528,0
DA:529,0
DA:533,0
DA:534,0
DA:535,0
DA:537,0
DA:538,0
DA:544,0
DA:552,1
DA:554,1
DA:556,1
DA:578,1
DA:579,1
DA:581,0
DA:582,0
DA:588,1
DA:589,1
DA:590,1
DA:591,1
DA:592,1
DA:595,1
DA:598,2
DA:599,1
DA:601,1
DA:603,1
DA:604,3
DA:605,2
DA:606,2
DA:607,2
DA:609,2
DA:611,0
DA:612,0
DA:613,0
DA:616,1
DA:617,1
DA:619,0
DA:620,0
DA:626,1
DA:627,1
DA:628,1
DA:629,1
DA:630,1
DA:635,1
DA:636,1
DA:643,0
DA:644,0
DA:649,1
DA:650,3
DA:651,3
DA:652,3
DA:653,3
DA:661,1
DA:665,2
DA:670,2
DA:671,1
DA:675,1
DA:680,1
DA:681,0
DA:684,1
DA:692,1
DA:693,1
DA:698,1
DA:699,1
DA:701,0
DA:702,0
DA:709,1
DA:710,2
DA:711,2
DA:712,2
DA:713,2
DA:714,1
DA:716,1
DA:717,1
DA:718,1
DA:726,1
DA:727,1
DA:728,1
DA:736,1
DA:740,1
DA:742,0
DA:743,0
DA:750,1
DA:751,3
DA:752,3
DA:753,3
DA:758,3
DA:759,1
DA:761,2
DA:764,2
DA:765,1
DA:770,1
DA:772,1
DA:774,0
DA:775,0
DA:780,1
DA:785,1
DA:786,1
DA:790,1
DA:792,0
DA:793,0
DA:799,1
DA:800,4
DA:801,4
DA:802,4
DA:803,4
DA:804,4
DA:809,4
DA:810,1
DA:812,3
DA:813,3
DA:814,1
DA:816,2
DA:817,1
DA:821,1
DA:827,1
DA:828,1
DA:836,1
DA:843,1
DA:848,1
DA:849,1
DA:850,1
DA:851,1
DA:861,1
DA:866,1
DA:874,1
DA:880,1
DA:882,0
DA:883,0
DA:889,1
DA:890,3
DA:891,3
DA:892,3
DA:893,2
DA:894,2
DA:895,2
DA:896,2
DA:897,1
DA:898,1
DA:900,1
DA:901,1
DA:902,1
DA:904,0
DA:905,0
DA:912,1
DA:913,7
DA:914,7
DA:915,7
DA:916,7
DA:918,7
DA:919,1
DA:923,6
DA:927,6
DA:928,6
DA:929,1
DA:931,5
DA:934,5
DA:938,5
DA:939,5
DA:940,1
DA:942,4
DA:943,1
DA:948,3
DA:949,3
DA:955,3
DA:956,2
DA:959,2
DA:960,2
DA:964,2
DA:969,2
DA:971,2
DA:972,1
DA:973,1
DA:976,1
DA:977,1
DA:979,1
DA:984,1
DA:988,0
DA:989,0
DA:997,2
DA:998,1
DA:999,1
DA:1003,1
DA:1008,1
DA:1010,1
DA:1011,1
DA:1012,1
DA:1016,1
DA:1021,0
DA:1027,2
DA:1028,2
DA:1030,2
DA:1032,0
DA:1033,0
DA:1040,1
DA:1041,5
DA:1042,5
DA:1043,5
DA:1045,5
DA:1046,1
DA:1049,4
DA:1050,1
DA:1054,3
DA:1058,3
DA:1060,3
DA:1061,0
DA:1064,3
DA:1065,3
DA:1066,1
DA:1071,2
DA:1072,1
DA:1076,1
DA:1087,1
DA:1089,1
DA:1091,0
DA:1092,0
DA:1099,1
DA:1100,5
DA:1101,5
DA:1102,5
DA:1105,5
DA:1109,5
DA:1111,5
DA:1112,1
DA:1115,4
DA:1116,4
DA:1117,1
DA:1122,3
DA:1123,1
DA:1127,2
DA:1134,2
DA:1136,2
DA:1138,0
DA:1139,0
DA:1146,1
DA:1147,3
DA:1149,3
DA:1155,3
DA:1157,4
DA:1158,4
DA:1159,3
DA:1162,3
DA:1172,0
DA:1176,1
DA:1177,4
DA:1178,4
DA:1179,4
DA:1180,1
DA:1183,3
DA:1189,3
DA:1190,1
DA:1193,2
DA:1194,2
DA:1195,3
DA:1198,3
DA:1199,3
DA:1200,2
DA:1206,2
DA:1209,2
DA:1215,2
DA:1219,2
DA:1229,1
DA:1230,1
DA:1240,2
DA:1241,1
DA:1242,1
DA:1243,1
DA:1246,2
DA:1248,0
DA:1249,0
DA:1255,1
LF:482
LH:399
BRDA:21,0,0,0
BRDA:21,0,1,2
BRDA:41,1,0,1
BRDA:41,1,1,2
BRDA:49,2,0,1
BRDA:49,2,1,1
BRDA:55,3,0,1
BRDA:55,3,1,1
BRDA:56,4,0,1
BRDA:56,4,1,1
BRDA:71,5,0,1
BRDA:71,5,1,2
BRDA:79,6,0,1
BRDA:79,6,1,1
BRDA:88,7,0,1
BRDA:88,7,1,1
BRDA:89,8,0,1
BRDA:89,8,1,1
BRDA:107,9,0,2
BRDA:107,9,1,2
BRDA:108,10,0,2
BRDA:108,10,1,2
BRDA:133,11,0,1
BRDA:133,11,1,3
BRDA:136,12,0,1
BRDA:136,12,1,2
BRDA:136,13,0,3
BRDA:136,13,1,2
BRDA:136,13,2,2
BRDA:145,14,0,0
BRDA:145,14,1,2
BRDA:146,15,0,0
BRDA:146,15,1,2
BRDA:146,16,0,2
BRDA:146,16,1,2
BRDA:158,17,0,0
BRDA:158,17,1,2
BRDA:158,18,0,2
BRDA:158,18,1,2
BRDA:170,19,0,0
BRDA:170,19,1,14
BRDA:170,20,0,14
BRDA:170,20,1,14
BRDA:173,21,0,0
BRDA:173,21,1,14
BRDA:174,22,0,0
BRDA:174,22,1,0
BRDA:175,23,0,0
BRDA:175,23,1,0
BRDA:175,23,2,0
BRDA:175,23,3,0
BRDA:198,24,0,0
BRDA:198,24,1,2
BRDA:202,25,0,2
BRDA:202,25,1,2
BRDA:203,26,0,1
BRDA:203,26,1,1
BRDA:224,27,0,2
BRDA:224,27,1,2
BRDA:233,28,0,2
BRDA:233,28,1,0
BRDA:240,29,0,2
BRDA:240,29,1,0
BRDA:267,30,0,1
BRDA:267,30,1,1
BRDA:288,31,0,1
BRDA:288,31,1,1
BRDA:314,32,0,1
BRDA:314,32,1,2
BRDA:317,33,0,1
BRDA:317,33,1,1
BRDA:317,34,0,2
BRDA:317,34,1,1
BRDA:327,35,0,0
BRDA:327,35,1,1
BRDA:354,36,0,0
BRDA:354,36,1,2
BRDA:362,37,0,1
BRDA:362,37,1,1
BRDA:409,38,0,1
BRDA:409,38,1,1
BRDA:409,39,0,2
BRDA:409,39,1,1
BRDA:432,40,0,1
BRDA:432,40,1,1
BRDA:433,41,0,1
BRDA:433,41,1,1
BRDA:486,42,0,2
BRDA:486,42,1,1
BRDA:488,43,0,0
BRDA:488,43,1,2
BRDA:497,44,0,0
BRDA:497,44,1,2
BRDA:504,45,0,1
BRDA:504,45,1,1
BRDA:507,46,0,0
BRDA:507,46,1,1
BRDA:517,47,0,1
BRDA:517,47,1,0
BRDA:517,48,0,1
BRDA:517,48,1,0
BRDA:517,48,2,0
BRDA:518,49,0,0
BRDA:518,49,1,1
BRDA:518,50,0,1
BRDA:518,50,1,1
BRDA:518,50,2,1
BRDA:526,51,0,0
BRDA:526,51,1,1
BRDA:528,52,0,0
BRDA:528,52,1,0
BRDA:534,53,0,0
BRDA:534,53,1,0
BRDA:552,54,0,1
BRDA:552,54,1,1
BRDA:554,55,0,0
BRDA:554,55,1,1
BRDA:557,56,0,1
BRDA:557,56,1,0
BRDA:559,57,0,0
BRDA:559,57,1,1
BRDA:561,58,0,1
BRDA:561,58,1,1
BRDA:562,59,0,0
BRDA:562,59,1,1
BRDA:562,60,0,1
BRDA:562,60,1,1
BRDA:564,61,0,0
BRDA:564,61,1,1
BRDA:564,62,0,1
BRDA:564,62,1,1
BRDA:565,63,0,0
BRDA:565,63,1,1
BRDA:565,64,0,1
BRDA:565,64,1,1
BRDA:566,65,0,0
BRDA:566,65,1,1
BRDA:566,66,0,1
BRDA:566,66,1,1
BRDA:567,67,0,1
BRDA:567,67,1,0
BRDA:567,68,0,0
BRDA:567,68,1,0
BRDA:569,69,0,1
BRDA:569,69,1,0
BRDA:571,70,0,0
BRDA:571,70,1,0
BRDA:573,71,0,0
BRDA:573,71,1,1
BRDA:573,72,0,1
BRDA:573,72,1,1
BRDA:601,73,0,1
BRDA:601,73,1,0
BRDA:601,74,0,1
BRDA:601,74,1,0
BRDA:608,75,0,2
BRDA:608,75,1,0
BRDA:608,75,2,0
BRDA:635,76,0,1
BRDA:635,76,1,0
BRDA:639,77,0,1
BRDA:639,77,1,0
BRDA:639,77,2,0
BRDA:640,78,0,1
BRDA:640,78,1,0
BRDA:653,79,0,1
BRDA:653,79,1,2
BRDA:654,80,0,3
BRDA:654,80,1,2
BRDA:654,80,2,2
BRDA:654,80,3,2
BRDA:654,80,4,2
BRDA:654,80,5,2
BRDA:670,81,0,1
BRDA:670,81,1,1
BRDA:680,82,0,0
BRDA:680,82,1,1
BRDA:713,83,0,1
BRDA:713,83,1,1
BRDA:713,84,0,2
BRDA:713,84,1,1
BRDA:723,85,0,1
BRDA:723,85,1,0
BRDA:724,86,0,1
BRDA:724,86,1,0
BRDA:758,87,0,1
BRDA:758,87,1,2
BRDA:761,88,0,2
BRDA:761,88,1,0
BRDA:764,89,0,1
BRDA:764,89,1,1
BRDA:770,90,0,1
BRDA:770,90,1,0
BRDA:809,91,0,1
BRDA:809,91,1,3
BRDA:813,92,0,1
BRDA:813,92,1,2
BRDA:816,93,0,1
BRDA:816,93,1,1
BRDA:892,94,0,1
BRDA:892,94,1,2
BRDA:896,95,0,1
BRDA:896,95,1,1
BRDA:918,96,0,1
BRDA:918,96,1,6
BRDA:928,97,0,1
BRDA:928,97,1,5
BRDA:939,98,0,1
BRDA:939,98,1,4
BRDA:942,99,0,1
BRDA:942,99,1,3
BRDA:955,100,0,2
BRDA:955,100,1,1
BRDA:971,101,0,1
BRDA:971,101,1,1
BRDA:997,102,0,1
BRDA:997,102,1,1
BRDA:1010,103,0,1
BRDA:1010,103,1,0
BRDA:1045,104,0,1
BRDA:1045,104,1,4
BRDA:1045,105,0,5
BRDA:1045,105,1,4
BRDA:1045,105,2,4
BRDA:1045,105,3,4
BRDA:1049,106,0,1
BRDA:1049,106,1,3
BRDA:1049,107,0,4
BRDA:1049,107,1,4
BRDA:1060,108,0,0
BRDA:1060,108,1,3
BRDA:1065,109,0,1
BRDA:1065,109,1,2
BRDA:1071,110,0,1
BRDA:1071,110,1,1
BRDA:1082,111,0,1
BRDA:1082,111,1,1
BRDA:1111,112,0,1
BRDA:1111,112,1,4
BRDA:1116,113,0,1
BRDA:1116,113,1,3
BRDA:1122,114,0,1
BRDA:1122,114,1,2
BRDA:1155,115,0,0
BRDA:1155,115,1,3
BRDA:1179,116,0,1
BRDA:1179,116,1,3
BRDA:1189,117,0,1
BRDA:1189,117,1,2
BRDA:1206,118,0,2
BRDA:1206,118,1,0
BRDA:1215,119,0,2
BRDA:1215,119,1,0
BRDA:1223,120,0,2
BRDA:1223,120,1,0
BRDA:1223,120,2,0
BRDA:1241,121,0,1
BRDA:1241,121,1,1
BRDA:1242,122,0,1
BRDA:1242,122,1,1
BRF:260
BRH:197
end_of_record
TN:
SF:middleware\authMiddleware.js
FN:3,(anonymous_0)
FNF:1
FNH:1
FNDA:3,(anonymous_0)
DA:1,1
DA:3,1
DA:4,3
DA:5,3
DA:6,1
DA:8,2
DA:9,2
DA:10,2
DA:11,1
DA:12,1
DA:14,1
DA:15,1
LF:12
LH:12
BRDA:5,0,0,1
BRDA:5,0,1,2
BRDA:5,1,0,3
BRDA:5,1,1,2
BRF:4
BRH:4
end_of_record
TN:
SF:models\User.js
FN:5,(anonymous_0)
FN:12,(anonymous_1)
FN:22,(anonymous_2)
FN:28,(anonymous_3)
FN:38,(anonymous_4)
FNF:5
FNH:5
FNDA:5,(anonymous_0)
FNDA:1,(anonymous_1)
FNDA:2,(anonymous_2)
FNDA:2,(anonymous_3)
FNDA:1,(anonymous_4)
DA:1,1
DA:2,1
DA:6,5
DA:7,5
DA:8,5
DA:9,5
DA:13,1
DA:23,2
DA:24,2
DA:29,2
DA:39,1
DA:48,1
LF:12
LH:12
BRDA:24,0,0,1
BRDA:24,0,1,1
BRDA:28,1,0,1
BRDA:31,2,0,2
BRDA:31,2,1,1
BRF:5
BRH:5
end_of_record
TN:
SF:models\itemModel.js
FN:3,(anonymous_0)
FN:36,(anonymous_1)
FN:40,(anonymous_2)
FN:44,(anonymous_3)
FNF:4
FNH:4
FNDA:13,(anonymous_0)
FNDA:3,(anonymous_1)
FNDA:2,(anonymous_2)
FNDA:3,(anonymous_3)
DA:19,13
DA:20,13
DA:21,13
DA:22,13
DA:23,13
DA:24,13
DA:25,13
DA:26,13
DA:27,13
DA:28,13
DA:29,13
DA:30,13
DA:31,13
DA:32,13
DA:37,3
DA:38,1
DA:40,2
DA:45,3
DA:46,3
DA:52,2
LF:20
LH:20
BRDA:30,0,0,13
BRDA:30,0,1,0
BRDA:37,1,0,1
BRDA:37,1,1,2
BRDA:37,2,0,3
BRDA:37,2,1,3
BRDA:40,3,0,2
BRDA:40,3,1,1
BRDA:46,4,0,2
BRDA:46,4,1,1
BRF:10
BRH:9
end_of_record
TN:
SF:models\store.js
FNF:0
FNH:0
DA:2,3
DA:35,3
DA:56,3
DA:67,3
DA:80,3
DA:96,3
DA:112,3
DA:126,3
LF:8
LH:8
BRF:0
BRH:0
end_of_record
TN:
SF:routes\authRoutes.js
FNF:0
FNH:0
DA:2,1
DA:3,1
DA:4,1
DA:7,1
DA:8,1
DA:11,1
DA:13,1
DA:15,1
LF:8
LH:8
BRF:0
BRH:0
end_of_record
TN:
SF:routes\externalRoutes.js
FN:12,(anonymous_0)
FN:15,(anonymous_1)
FNF:2
FNH:0
FNDA:0,(anonymous_0)
FNDA:0,(anonymous_1)
DA:1,1
DA:2,1
DA:8,1
DA:9,1
DA:11,1
DA:13,0
DA:16,0
DA:20,1
DA:23,1
DA:24,1
DA:25,1
DA:27,1
LF:12
LH:10
BRF:0
BRH:0
end_of_record
TN:
SF:routes\storeRoutes.js
FNF:0
FNH:0
DA:1,1
DA:5,1
DA:6,1
DA:31,1
DA:37,1
DA:38,1
DA:39,1
DA:42,1
DA:48,1
DA:49,1
DA:52,1
DA:53,1
DA:54,1
DA:61,1
DA:62,1
DA:67,1
DA:68,1
DA:69,1
DA:72,1
DA:73,1
DA:76,1
DA:77,1
DA:78,1
DA:83,1
DA:90,1
DA:91,1
DA:92,1
DA:93,1
DA:99,1
DA:107,1
DA:108,1
DA:109,1
DA:110,1
DA:111,1
DA:117,1
DA:123,1
DA:131,1
DA:132,1
DA:134,1
LF:39
LH:39
BRF:0
BRH:0
end_of_record
